2023-12-03 16:56:01.907 [info] Extension host with pid 2756 started
2023-12-03 16:56:01.908 [info] Skipping acquiring lock for /home/rosalio/Escritorio/boilerplate-express/temp/User/workspaceStorage/b2923653fea9d44fbba2277cd17cab1d.
2023-12-03 16:56:02.109 [info] ExtensionService#_doActivateExtension vscode.git-base, startup: true, activationEvent: '*', root cause: vscode.git
2023-12-03 16:56:02.148 [info] ExtensionService#_doActivateExtension shannonliang.js-intellisense, startup: true, activationEvent: '*'
2023-12-03 16:56:02.387 [info] ExtensionService#_doActivateExtension vscode.npm, startup: true, activationEvent: 'workspaceContains:package.json'
2023-12-03 16:56:02.583 [info] ExtensionService#_doActivateExtension vscode.git, startup: true, activationEvent: '*'
2023-12-03 16:56:02.848 [info] ExtensionService#_doActivateExtension vscode.github, startup: true, activationEvent: '*'
2023-12-03 16:56:04.294 [warning] [Decorations] CAPPING events from decorations provider vscode.git 301
2023-12-03 16:56:05.509 [info] Eager extensions activated
2023-12-03 16:56:05.688 [warning] [Decorations] CAPPING events from decorations provider vscode.git 301
2023-12-03 16:56:06.907 [info] ExtensionService#_doActivateExtension vscode.github-authentication, startup: false, activationEvent: 'onAuthenticationRequest:github'
2023-12-03 16:56:07.062 [info] ExtensionService#_doActivateExtension vscode.debug-auto-launch, startup: false, activationEvent: 'onStartupFinished'
2023-12-03 16:56:07.100 [info] ExtensionService#_doActivateExtension vscode.merge-conflict, startup: false, activationEvent: 'onStartupFinished'
2023-12-03 16:56:07.163 [info] ExtensionService#_doActivateExtension ritwickdey.LiveServer, startup: false, activationEvent: 'onStartupFinished'
2023-12-03 16:56:16.249 [warning] [Decorations] CAPPING events from decorations provider vscode.git 308
2023-12-03 16:56:21.474 [warning] [Decorations] CAPPING events from decorations provider vscode.git 316
2023-12-03 16:56:27.747 [warning] [Decorations] CAPPING events from decorations provider vscode.git 328
2023-12-03 16:56:32.916 [warning] [Decorations] CAPPING events from decorations provider vscode.git 328
2023-12-03 16:56:38.201 [warning] [Decorations] CAPPING events from decorations provider vscode.git 328
2023-12-03 16:56:43.450 [warning] [Decorations] CAPPING events from decorations provider vscode.git 328
2023-12-03 16:56:48.777 [warning] [Decorations] CAPPING events from decorations provider vscode.git 328
2023-12-03 16:56:53.944 [warning] [Decorations] CAPPING events from decorations provider vscode.git 328
2023-12-03 16:56:59.195 [warning] [Decorations] CAPPING events from decorations provider vscode.git 328
2023-12-03 16:57:04.460 [warning] [Decorations] CAPPING events from decorations provider vscode.git 328
2023-12-03 16:57:09.682 [warning] [Decorations] CAPPING events from decorations provider vscode.git 328
2023-12-03 16:57:14.941 [warning] [Decorations] CAPPING events from decorations provider vscode.git 328
2023-12-03 16:57:20.213 [warning] [Decorations] CAPPING events from decorations provider vscode.git 328
2023-12-03 16:57:25.402 [warning] [Decorations] CAPPING events from decorations provider vscode.git 328
2023-12-03 16:57:30.499 [warning] [Decorations] CAPPING events from decorations provider vscode.git 328
2023-12-03 16:57:35.709 [warning] [Decorations] CAPPING events from decorations provider vscode.git 328
2023-12-03 16:57:40.919 [warning] [Decorations] CAPPING events from decorations provider vscode.git 328
2023-12-03 16:57:46.246 [warning] [Decorations] CAPPING events from decorations provider vscode.git 328
2023-12-03 16:57:51.482 [warning] [Decorations] CAPPING events from decorations provider vscode.git 328
2023-12-03 16:57:56.712 [warning] [Decorations] CAPPING events from decorations provider vscode.git 328
2023-12-03 16:58:01.978 [warning] [Decorations] CAPPING events from decorations provider vscode.git 328
2023-12-03 16:58:07.204 [warning] [Decorations] CAPPING events from decorations provider vscode.git 328
2023-12-03 16:58:12.427 [warning] [Decorations] CAPPING events from decorations provider vscode.git 328
2023-12-03 16:58:17.628 [warning] [Decorations] CAPPING events from decorations provider vscode.git 328
2023-12-03 16:58:22.953 [warning] [Decorations] CAPPING events from decorations provider vscode.git 328
2023-12-03 16:58:28.200 [warning] [Decorations] CAPPING events from decorations provider vscode.git 328
2023-12-03 16:58:33.425 [warning] [Decorations] CAPPING events from decorations provider vscode.git 328
2023-12-03 16:58:38.626 [warning] [Decorations] CAPPING events from decorations provider vscode.git 328
2023-12-03 16:58:43.921 [warning] [Decorations] CAPPING events from decorations provider vscode.git 328
2023-12-03 16:58:49.164 [warning] [Decorations] CAPPING events from decorations provider vscode.git 328
2023-12-03 16:58:54.413 [warning] [Decorations] CAPPING events from decorations provider vscode.git 328
2023-12-03 16:58:59.635 [warning] [Decorations] CAPPING events from decorations provider vscode.git 328
2023-12-03 16:59:04.723 [warning] [Decorations] CAPPING events from decorations provider vscode.git 328
2023-12-03 16:59:10.009 [warning] [Decorations] CAPPING events from decorations provider vscode.git 328
2023-12-03 16:59:15.277 [warning] [Decorations] CAPPING events from decorations provider vscode.git 328
2023-12-03 16:59:20.478 [warning] [Decorations] CAPPING events from decorations provider vscode.git 328
2023-12-03 16:59:25.730 [warning] [Decorations] CAPPING events from decorations provider vscode.git 328
2023-12-03 16:59:30.982 [warning] [Decorations] CAPPING events from decorations provider vscode.git 328
2023-12-03 16:59:36.164 [warning] [Decorations] CAPPING events from decorations provider vscode.git 328
2023-12-03 16:59:41.386 [warning] [Decorations] CAPPING events from decorations provider vscode.git 328
2023-12-03 17:08:53.843 [info] Extension host terminating: renderer closed the MessagePort
2023-12-03 17:08:53.920 [error] Canceled: Canceled
	at new f (/usr/share/code/resources/app/out/vs/workbench/api/node/extensionHostProcess.js:125:108614)
	at n.U (/usr/share/code/resources/app/out/vs/workbench/api/node/extensionHostProcess.js:134:10873)
	at F.<computed>.z.charCodeAt.F.<computed> (/usr/share/code/resources/app/out/vs/workbench/api/node/extensionHostProcess.js:134:8315)
	at i.g (/usr/share/code/resources/app/out/vs/workbench/api/node/extensionHostProcess.js:125:139130)
	at i.executeCommand (/usr/share/code/resources/app/out/vs/workbench/api/node/extensionHostProcess.js:125:138568)
	at $.registerCommand.description (/usr/share/code/resources/app/out/vs/workbench/api/node/extensionHostProcess.js:125:137892)
	at i.h (/usr/share/code/resources/app/out/vs/workbench/api/node/extensionHostProcess.js:125:139669)
	at i.g (/usr/share/code/resources/app/out/vs/workbench/api/node/extensionHostProcess.js:125:138661)
	at i.executeCommand (/usr/share/code/resources/app/out/vs/workbench/api/node/extensionHostProcess.js:125:138568)
	at Object.executeCommand (/usr/share/code/resources/app/out/vs/workbench/api/node/extensionHostProcess.js:140:21329)
	at h.D [as value] (/usr/share/code/resources/app/extensions/git/dist/main.js:2:1316925)
	at c.y (/usr/share/code/resources/app/out/vs/workbench/api/node/extensionHostProcess.js:80:1902)
	at c.z (/usr/share/code/resources/app/out/vs/workbench/api/node/extensionHostProcess.js:80:1972)
	at c.fire (/usr/share/code/resources/app/out/vs/workbench/api/node/extensionHostProcess.js:80:2188)
	at Object.m [as dispose] (/usr/share/code/resources/app/extensions/git/dist/main.js:2:1332842)
	at /usr/share/code/resources/app/extensions/git/dist/main.js:2:1337795
	at Array.forEach (<anonymous>)
	at g.dispose (/usr/share/code/resources/app/extensions/git/dist/main.js:2:1337781)
	at v.<anonymous> (/usr/share/code/resources/app/out/vs/workbench/api/node/extensionHostProcess.js:121:3572)
	at v.dispose (/usr/share/code/resources/app/out/vs/workbench/api/node/extensionHostProcess.js:121:3669)
	at v.<anonymous> (/usr/share/code/resources/app/extensions/git/dist/main.js:2:1318937)
	at v.dispose (/usr/share/code/resources/app/out/vs/workbench/api/node/extensionHostProcess.js:121:3669)
	at o (/usr/share/code/resources/app/out/vs/workbench/api/node/extensionHostProcess.js:30:754)
	at h.cb (/usr/share/code/resources/app/out/vs/workbench/api/node/extensionHostProcess.js:136:9843)
	at /usr/share/code/resources/app/out/vs/workbench/api/node/extensionHostProcess.js:136:7793
	at Array.map (<anonymous>)
	at h.Y (/usr/share/code/resources/app/out/vs/workbench/api/node/extensionHostProcess.js:136:7781)
	at h.terminate (/usr/share/code/resources/app/out/vs/workbench/api/node/extensionHostProcess.js:136:8051)
	at o.terminate (/usr/share/code/resources/app/out/vs/workbench/api/node/extensionHostProcess.js:140:1513)
	at a (/usr/share/code/resources/app/out/vs/workbench/api/node/extensionHostProcess.js:153:9817)
	at MessagePortMain.<anonymous> (/usr/share/code/resources/app/out/vs/workbench/api/node/extensionHostProcess.js:153:6242)
	at MessagePortMain.emit (node:events:513:28)
	at MessagePortMain._internalPort.emit (node:electron/js2c/utility_init:2:367) setContext undefined
2023-12-03 17:08:53.926 [error] Canceled: Canceled
	at new f (/usr/share/code/resources/app/out/vs/workbench/api/node/extensionHostProcess.js:125:108614)
	at n.U (/usr/share/code/resources/app/out/vs/workbench/api/node/extensionHostProcess.js:134:10873)
	at F.<computed>.z.charCodeAt.F.<computed> (/usr/share/code/resources/app/out/vs/workbench/api/node/extensionHostProcess.js:134:8315)
	at i.g (/usr/share/code/resources/app/out/vs/workbench/api/node/extensionHostProcess.js:125:139130)
	at i.executeCommand (/usr/share/code/resources/app/out/vs/workbench/api/node/extensionHostProcess.js:125:138568)
	at $.registerCommand.description (/usr/share/code/resources/app/out/vs/workbench/api/node/extensionHostProcess.js:125:137892)
	at i.h (/usr/share/code/resources/app/out/vs/workbench/api/node/extensionHostProcess.js:125:139669)
	at i.g (/usr/share/code/resources/app/out/vs/workbench/api/node/extensionHostProcess.js:125:138661)
	at i.executeCommand (/usr/share/code/resources/app/out/vs/workbench/api/node/extensionHostProcess.js:125:138568)
	at Object.executeCommand (/usr/share/code/resources/app/out/vs/workbench/api/node/extensionHostProcess.js:140:21329)
	at set b [as b] (/usr/share/code/resources/app/extensions/github/dist/extension.js:2:714708)
	at /usr/share/code/resources/app/extensions/github/dist/extension.js:2:715349
	at h.value (/usr/share/code/resources/app/extensions/git/dist/main.js:2:1408111)
	at c.y (/usr/share/code/resources/app/out/vs/workbench/api/node/extensionHostProcess.js:80:1902)
	at c.z (/usr/share/code/resources/app/out/vs/workbench/api/node/extensionHostProcess.js:80:1972)
	at c.fire (/usr/share/code/resources/app/out/vs/workbench/api/node/extensionHostProcess.js:80:2188)
	at Object.m [as dispose] (/usr/share/code/resources/app/extensions/git/dist/main.js:2:1332842)
	at /usr/share/code/resources/app/extensions/git/dist/main.js:2:1337795
	at Array.forEach (<anonymous>)
	at g.dispose (/usr/share/code/resources/app/extensions/git/dist/main.js:2:1337781)
	at v.<anonymous> (/usr/share/code/resources/app/out/vs/workbench/api/node/extensionHostProcess.js:121:3572)
	at v.dispose (/usr/share/code/resources/app/out/vs/workbench/api/node/extensionHostProcess.js:121:3669)
	at v.<anonymous> (/usr/share/code/resources/app/extensions/git/dist/main.js:2:1318937)
	at v.dispose (/usr/share/code/resources/app/out/vs/workbench/api/node/extensionHostProcess.js:121:3669)
	at o (/usr/share/code/resources/app/out/vs/workbench/api/node/extensionHostProcess.js:30:754)
	at h.cb (/usr/share/code/resources/app/out/vs/workbench/api/node/extensionHostProcess.js:136:9843)
	at /usr/share/code/resources/app/out/vs/workbench/api/node/extensionHostProcess.js:136:7793
	at Array.map (<anonymous>)
	at h.Y (/usr/share/code/resources/app/out/vs/workbench/api/node/extensionHostProcess.js:136:7781)
	at h.terminate (/usr/share/code/resources/app/out/vs/workbench/api/node/extensionHostProcess.js:136:8051)
	at o.terminate (/usr/share/code/resources/app/out/vs/workbench/api/node/extensionHostProcess.js:140:1513)
	at a (/usr/share/code/resources/app/out/vs/workbench/api/node/extensionHostProcess.js:153:9817)
	at MessagePortMain.<anonymous> (/usr/share/code/resources/app/out/vs/workbench/api/node/extensionHostProcess.js:153:6242)
	at MessagePortMain.emit (node:events:513:28)
	at MessagePortMain._internalPort.emit (node:electron/js2c/utility_init:2:367) setContext undefined
2023-12-03 17:08:53.926 [info] Extension host with pid 2756 exiting with code 0
