2023-12-03 16:56:03.788 [info] Log level: Info
2023-12-03 16:56:03.788 [info] Validating found git in: "git"
2023-12-03 16:56:03.789 [info] Using git "2.30.2" from "git"
2023-12-03 16:56:03.789 [info] > git rev-parse --show-toplevel [50ms]
2023-12-03 16:56:03.801 [info] > git rev-parse --git-dir --git-common-dir [8ms]
2023-12-03 16:56:03.906 [info] Open repository: /home/rosalio/Escritorio/boilerplate-express
2023-12-03 16:56:04.021 [info] > git rev-parse --show-toplevel [37ms]
2023-12-03 16:56:04.030 [info] > git config --get commit.template [59ms]
2023-12-03 16:56:04.062 [info] > git for-each-ref --format=%(refname)%00%(upstream:short)%00%(objectname)%00%(upstream:track)%00%(upstream:remotename)%00%(upstream:remoteref) refs/heads/main refs/remotes/main [49ms]
2023-12-03 16:56:04.106 [info] > git rev-parse --show-toplevel [46ms]
2023-12-03 16:56:04.169 [info] > git status -z -uall [66ms]
2023-12-03 16:56:05.347 [info] > git rev-parse --show-toplevel [1193ms]
2023-12-03 16:56:05.398 [info] > git config --get commit.template [49ms]
2023-12-03 16:56:05.553 [info] > git for-each-ref --format=%(refname)%00%(upstream:short)%00%(objectname)%00%(upstream:track)%00%(upstream:remotename)%00%(upstream:remoteref) refs/heads/main refs/remotes/main [11ms]
2023-12-03 16:56:05.619 [info] > git status -z -uall [35ms]
2023-12-03 16:56:08.496 [info] > git check-ignore -v -z --stdin [13ms]
2023-12-03 16:56:16.038 [info] > git config --get commit.template [50ms]
2023-12-03 16:56:16.046 [info] > git for-each-ref --format=%(refname)%00%(upstream:short)%00%(objectname)%00%(upstream:track)%00%(upstream:remotename)%00%(upstream:remoteref) refs/heads/main refs/remotes/main [16ms]
2023-12-03 16:56:16.120 [info] > git status -z -uall [38ms]
2023-12-03 16:56:21.378 [info] > git for-each-ref --format=%(refname)%00%(upstream:short)%00%(objectname)%00%(upstream:track)%00%(upstream:remotename)%00%(upstream:remoteref) refs/heads/main refs/remotes/main [8ms]
2023-12-03 16:56:21.381 [info] > git config --get commit.template [61ms]
2023-12-03 16:56:21.448 [info] > git status -z -uall [37ms]
2023-12-03 16:56:27.674 [info] > git config --get commit.template [33ms]
2023-12-03 16:56:27.682 [info] > git for-each-ref --format=%(refname)%00%(upstream:short)%00%(objectname)%00%(upstream:track)%00%(upstream:remotename)%00%(upstream:remoteref) refs/heads/main refs/remotes/main [13ms]
2023-12-03 16:56:27.710 [info] > git status -z -uall [17ms]
2023-12-03 16:56:32.865 [info] > git config --get commit.template [25ms]
2023-12-03 16:56:32.875 [info] > git for-each-ref --format=%(refname)%00%(upstream:short)%00%(objectname)%00%(upstream:track)%00%(upstream:remotename)%00%(upstream:remoteref) refs/heads/main refs/remotes/main [19ms]
2023-12-03 16:56:32.896 [info] > git status -z -uall [10ms]
2023-12-03 16:56:37.987 [info] > git config --get commit.template [11ms]
2023-12-03 16:56:38.039 [info] > git for-each-ref --format=%(refname)%00%(upstream:short)%00%(objectname)%00%(upstream:track)%00%(upstream:remotename)%00%(upstream:remoteref) refs/heads/main refs/remotes/main [8ms]
2023-12-03 16:56:38.117 [info] > git status -z -uall [42ms]
2023-12-03 16:56:43.298 [info] > git config --get commit.template [25ms]
2023-12-03 16:56:43.301 [info] > git for-each-ref --format=%(refname)%00%(upstream:short)%00%(objectname)%00%(upstream:track)%00%(upstream:remotename)%00%(upstream:remoteref) refs/heads/main refs/remotes/main [4ms]
2023-12-03 16:56:43.349 [info] > git status -z -uall [31ms]
2023-12-03 16:56:48.574 [info] > git config --get commit.template [40ms]
2023-12-03 16:56:48.607 [info] > git for-each-ref --format=%(refname)%00%(upstream:short)%00%(objectname)%00%(upstream:track)%00%(upstream:remotename)%00%(upstream:remoteref) refs/heads/main refs/remotes/main [38ms]
2023-12-03 16:56:48.688 [info] > git status -z -uall [52ms]
2023-12-03 16:56:53.859 [info] > git config --get commit.template [7ms]
2023-12-03 16:56:53.886 [info] > git for-each-ref --format=%(refname)%00%(upstream:short)%00%(objectname)%00%(upstream:track)%00%(upstream:remotename)%00%(upstream:remoteref) refs/heads/main refs/remotes/main [8ms]
2023-12-03 16:56:53.919 [info] > git status -z -uall [14ms]
2023-12-03 16:56:59.047 [info] > git config --get commit.template [49ms]
2023-12-03 16:56:59.056 [info] > git for-each-ref --format=%(refname)%00%(upstream:short)%00%(objectname)%00%(upstream:track)%00%(upstream:remotename)%00%(upstream:remoteref) refs/heads/main refs/remotes/main [16ms]
2023-12-03 16:56:59.143 [info] > git status -z -uall [51ms]
2023-12-03 16:57:04.336 [info] > git config --get commit.template [49ms]
2023-12-03 16:57:04.345 [info] > git for-each-ref --format=%(refname)%00%(upstream:short)%00%(objectname)%00%(upstream:track)%00%(upstream:remotename)%00%(upstream:remoteref) refs/heads/main refs/remotes/main [17ms]
2023-12-03 16:57:04.422 [info] > git status -z -uall [51ms]
2023-12-03 16:57:09.579 [info] > git for-each-ref --format=%(refname)%00%(upstream:short)%00%(objectname)%00%(upstream:track)%00%(upstream:remotename)%00%(upstream:remoteref) refs/heads/main refs/remotes/main [18ms]
2023-12-03 16:57:09.580 [info] > git config --get commit.template [51ms]
2023-12-03 16:57:09.639 [info] > git status -z -uall [33ms]
2023-12-03 16:57:14.766 [info] > git config --get commit.template [12ms]
2023-12-03 16:57:14.819 [info] > git for-each-ref --format=%(refname)%00%(upstream:short)%00%(objectname)%00%(upstream:track)%00%(upstream:remotename)%00%(upstream:remoteref) refs/heads/main refs/remotes/main [15ms]
2023-12-03 16:57:14.894 [info] > git status -z -uall [42ms]
2023-12-03 16:57:20.077 [info] > git config --get commit.template [49ms]
2023-12-03 16:57:20.087 [info] > git for-each-ref --format=%(refname)%00%(upstream:short)%00%(objectname)%00%(upstream:track)%00%(upstream:remotename)%00%(upstream:remoteref) refs/heads/main refs/remotes/main [17ms]
2023-12-03 16:57:20.170 [info] > git status -z -uall [40ms]
2023-12-03 16:57:25.292 [info] > git config --get commit.template [12ms]
2023-12-03 16:57:25.339 [info] > git for-each-ref --format=%(refname)%00%(upstream:short)%00%(objectname)%00%(upstream:track)%00%(upstream:remotename)%00%(upstream:remoteref) refs/heads/main refs/remotes/main [15ms]
2023-12-03 16:57:25.377 [info] > git status -z -uall [23ms]
2023-12-03 16:57:30.450 [info] > git config --get commit.template [22ms]
2023-12-03 16:57:30.454 [info] > git for-each-ref --format=%(refname)%00%(upstream:short)%00%(objectname)%00%(upstream:track)%00%(upstream:remotename)%00%(upstream:remoteref) refs/heads/main refs/remotes/main [6ms]
2023-12-03 16:57:30.482 [info] > git status -z -uall [14ms]
2023-12-03 16:57:35.654 [info] > git config --get commit.template [100ms]
2023-12-03 16:57:35.656 [info] > git for-each-ref --format=%(refname)%00%(upstream:short)%00%(objectname)%00%(upstream:track)%00%(upstream:remotename)%00%(upstream:remoteref) refs/heads/main refs/remotes/main [8ms]
2023-12-03 16:57:35.691 [info] > git status -z -uall [20ms]
2023-12-03 16:57:40.814 [info] > git config --get commit.template [49ms]
2023-12-03 16:57:40.823 [info] > git for-each-ref --format=%(refname)%00%(upstream:short)%00%(objectname)%00%(upstream:track)%00%(upstream:remotename)%00%(upstream:remoteref) refs/heads/main refs/remotes/main [17ms]
2023-12-03 16:57:40.903 [info] > git status -z -uall [44ms]
2023-12-03 16:57:45.997 [info] > git config --get commit.template [17ms]
2023-12-03 16:57:46.043 [info] > git for-each-ref --format=%(refname)%00%(upstream:short)%00%(objectname)%00%(upstream:track)%00%(upstream:remotename)%00%(upstream:remoteref) refs/heads/main refs/remotes/main [14ms]
2023-12-03 16:57:46.132 [info] > git status -z -uall [57ms]
2023-12-03 16:57:51.331 [info] > git config --get commit.template [12ms]
2023-12-03 16:57:51.382 [info] > git for-each-ref --format=%(refname)%00%(upstream:short)%00%(objectname)%00%(upstream:track)%00%(upstream:remotename)%00%(upstream:remoteref) refs/heads/main refs/remotes/main [16ms]
2023-12-03 16:57:51.444 [info] > git status -z -uall [26ms]
2023-12-03 16:57:56.609 [info] > git config --get commit.template [53ms]
2023-12-03 16:57:56.614 [info] > git for-each-ref --format=%(refname)%00%(upstream:short)%00%(objectname)%00%(upstream:track)%00%(upstream:remotename)%00%(upstream:remoteref) refs/heads/main refs/remotes/main [16ms]
2023-12-03 16:57:56.665 [info] > git status -z -uall [30ms]
2023-12-03 16:58:01.841 [info] > git config --get commit.template [47ms]
2023-12-03 16:58:01.850 [info] > git for-each-ref --format=%(refname)%00%(upstream:short)%00%(objectname)%00%(upstream:track)%00%(upstream:remotename)%00%(upstream:remoteref) refs/heads/main refs/remotes/main [16ms]
2023-12-03 16:58:01.935 [info] > git status -z -uall [51ms]
2023-12-03 16:58:07.128 [info] > git config --get commit.template [64ms]
2023-12-03 16:58:07.138 [info] > git for-each-ref --format=%(refname)%00%(upstream:short)%00%(objectname)%00%(upstream:track)%00%(upstream:remotename)%00%(upstream:remoteref) refs/heads/main refs/remotes/main [20ms]
2023-12-03 16:58:07.180 [info] > git status -z -uall [25ms]
2023-12-03 16:58:12.318 [info] > git config --get commit.template [54ms]
2023-12-03 16:58:12.322 [info] > git for-each-ref --format=%(refname)%00%(upstream:short)%00%(objectname)%00%(upstream:track)%00%(upstream:remotename)%00%(upstream:remoteref) refs/heads/main refs/remotes/main [17ms]
2023-12-03 16:58:12.389 [info] > git status -z -uall [40ms]
2023-12-03 16:58:17.536 [info] > git config --get commit.template [48ms]
2023-12-03 16:58:17.544 [info] > git for-each-ref --format=%(refname)%00%(upstream:short)%00%(objectname)%00%(upstream:track)%00%(upstream:remotename)%00%(upstream:remoteref) refs/heads/main refs/remotes/main [15ms]
2023-12-03 16:58:17.610 [info] > git status -z -uall [30ms]
2023-12-03 16:58:22.696 [info] > git config --get commit.template [11ms]
2023-12-03 16:58:22.747 [info] > git for-each-ref --format=%(refname)%00%(upstream:short)%00%(objectname)%00%(upstream:track)%00%(upstream:remotename)%00%(upstream:remoteref) refs/heads/main refs/remotes/main [15ms]
2023-12-03 16:58:22.854 [info] > git status -z -uall [66ms]
2023-12-03 16:58:28.056 [info] > git config --get commit.template [47ms]
2023-12-03 16:58:28.065 [info] > git for-each-ref --format=%(refname)%00%(upstream:short)%00%(objectname)%00%(upstream:track)%00%(upstream:remotename)%00%(upstream:remoteref) refs/heads/main refs/remotes/main [15ms]
2023-12-03 16:58:28.168 [info] > git status -z -uall [53ms]
2023-12-03 16:58:33.278 [info] > git config --get commit.template [22ms]
2023-12-03 16:58:33.333 [info] > git for-each-ref --format=%(refname)%00%(upstream:short)%00%(objectname)%00%(upstream:track)%00%(upstream:remotename)%00%(upstream:remoteref) refs/heads/main refs/remotes/main [17ms]
2023-12-03 16:58:33.394 [info] > git status -z -uall [31ms]
2023-12-03 16:58:38.534 [info] > git config --get commit.template [47ms]
2023-12-03 16:58:38.543 [info] > git for-each-ref --format=%(refname)%00%(upstream:short)%00%(objectname)%00%(upstream:track)%00%(upstream:remotename)%00%(upstream:remoteref) refs/heads/main refs/remotes/main [13ms]
2023-12-03 16:58:38.581 [info] > git status -z -uall [24ms]
2023-12-03 16:58:43.766 [info] > git config --get commit.template [52ms]
2023-12-03 16:58:43.775 [info] > git for-each-ref --format=%(refname)%00%(upstream:short)%00%(objectname)%00%(upstream:track)%00%(upstream:remotename)%00%(upstream:remoteref) refs/heads/main refs/remotes/main [18ms]
2023-12-03 16:58:43.880 [info] > git status -z -uall [54ms]
2023-12-03 16:58:49.047 [info] > git config --get commit.template [56ms]
2023-12-03 16:58:49.066 [info] > git for-each-ref --format=%(refname)%00%(upstream:short)%00%(objectname)%00%(upstream:track)%00%(upstream:remotename)%00%(upstream:remoteref) refs/heads/main refs/remotes/main [27ms]
2023-12-03 16:58:49.125 [info] > git status -z -uall [38ms]
2023-12-03 16:58:54.278 [info] > git config --get commit.template [53ms]
2023-12-03 16:58:54.287 [info] > git for-each-ref --format=%(refname)%00%(upstream:short)%00%(objectname)%00%(upstream:track)%00%(upstream:remotename)%00%(upstream:remoteref) refs/heads/main refs/remotes/main [16ms]
2023-12-03 16:58:54.374 [info] > git status -z -uall [38ms]
2023-12-03 16:58:59.527 [info] > git config --get commit.template [47ms]
2023-12-03 16:58:59.535 [info] > git for-each-ref --format=%(refname)%00%(upstream:short)%00%(objectname)%00%(upstream:track)%00%(upstream:remotename)%00%(upstream:remoteref) refs/heads/main refs/remotes/main [15ms]
2023-12-03 16:58:59.619 [info] > git status -z -uall [48ms]
2023-12-03 16:59:04.676 [info] > git config --get commit.template [15ms]
2023-12-03 16:59:04.679 [info] > git for-each-ref --format=%(refname)%00%(upstream:short)%00%(objectname)%00%(upstream:track)%00%(upstream:remotename)%00%(upstream:remoteref) refs/heads/main refs/remotes/main [5ms]
2023-12-03 16:59:04.708 [info] > git status -z -uall [17ms]
2023-12-03 16:59:09.834 [info] > git config --get commit.template [49ms]
2023-12-03 16:59:09.842 [info] > git for-each-ref --format=%(refname)%00%(upstream:short)%00%(objectname)%00%(upstream:track)%00%(upstream:remotename)%00%(upstream:remoteref) refs/heads/main refs/remotes/main [15ms]
2023-12-03 16:59:09.956 [info] > git status -z -uall [78ms]
2023-12-03 16:59:15.092 [info] > git config --get commit.template [23ms]
2023-12-03 16:59:15.135 [info] > git for-each-ref --format=%(refname)%00%(upstream:short)%00%(objectname)%00%(upstream:track)%00%(upstream:remotename)%00%(upstream:remoteref) refs/heads/main refs/remotes/main [13ms]
2023-12-03 16:59:15.228 [info] > git status -z -uall [62ms]
2023-12-03 16:59:20.398 [info] > git config --get commit.template [51ms]
2023-12-03 16:59:20.406 [info] > git for-each-ref --format=%(refname)%00%(upstream:short)%00%(objectname)%00%(upstream:track)%00%(upstream:remotename)%00%(upstream:remoteref) refs/heads/main refs/remotes/main [20ms]
2023-12-03 16:59:20.457 [info] > git status -z -uall [31ms]
2023-12-03 16:59:25.583 [info] > git config --get commit.template [48ms]
2023-12-03 16:59:25.593 [info] > git for-each-ref --format=%(refname)%00%(upstream:short)%00%(objectname)%00%(upstream:track)%00%(upstream:remotename)%00%(upstream:remoteref) refs/heads/main refs/remotes/main [17ms]
2023-12-03 16:59:25.692 [info] > git status -z -uall [62ms]
2023-12-03 16:59:30.840 [info] > git config --get commit.template [54ms]
2023-12-03 16:59:30.846 [info] > git for-each-ref --format=%(refname)%00%(upstream:short)%00%(objectname)%00%(upstream:track)%00%(upstream:remotename)%00%(upstream:remoteref) refs/heads/main refs/remotes/main [18ms]
2023-12-03 16:59:30.953 [info] > git status -z -uall [72ms]
2023-12-03 16:59:36.088 [info] > git config --get commit.template [44ms]
2023-12-03 16:59:36.100 [info] > git for-each-ref --format=%(refname)%00%(upstream:short)%00%(objectname)%00%(upstream:track)%00%(upstream:remotename)%00%(upstream:remoteref) refs/heads/main refs/remotes/main [17ms]
2023-12-03 16:59:36.142 [info] > git status -z -uall [26ms]
2023-12-03 16:59:41.266 [info] > git config --get commit.template [46ms]
2023-12-03 16:59:41.273 [info] > git for-each-ref --format=%(refname)%00%(upstream:short)%00%(objectname)%00%(upstream:track)%00%(upstream:remotename)%00%(upstream:remoteref) refs/heads/main refs/remotes/main [14ms]
2023-12-03 16:59:41.359 [info] > git status -z -uall [53ms]
2023-12-03 16:59:46.496 [info] > git config --get commit.template [48ms]
2023-12-03 16:59:46.506 [info] > git for-each-ref --format=%(refname)%00%(upstream:short)%00%(objectname)%00%(upstream:track)%00%(upstream:remotename)%00%(upstream:remoteref) refs/heads/main refs/remotes/main [17ms]
2023-12-03 16:59:46.604 [info] > git status -z -uall [61ms]
2023-12-03 17:00:56.497 [info] > git config --get commit.template [31ms]
2023-12-03 17:00:56.514 [info] > git for-each-ref --format=%(refname)%00%(upstream:short)%00%(objectname)%00%(upstream:track)%00%(upstream:remotename)%00%(upstream:remoteref) refs/heads/main refs/remotes/main [21ms]
2023-12-03 17:00:56.585 [info] > git status -z -uall [48ms]
2023-12-03 17:02:33.023 [info] > git config --get commit.template [28ms]
2023-12-03 17:02:33.031 [info] > git for-each-ref --format=%(refname)%00%(upstream:short)%00%(objectname)%00%(upstream:track)%00%(upstream:remotename)%00%(upstream:remoteref) refs/heads/main refs/remotes/main [11ms]
2023-12-03 17:02:33.111 [info] > git status -z -uall [33ms]
2023-12-03 17:02:38.143 [info] > git config --get commit.template [4ms]
2023-12-03 17:02:38.159 [info] > git for-each-ref --format=%(refname)%00%(upstream:short)%00%(objectname)%00%(upstream:track)%00%(upstream:remotename)%00%(upstream:remoteref) refs/heads/main refs/remotes/main [3ms]
2023-12-03 17:02:38.190 [info] > git status -z -uall [19ms]
2023-12-03 17:02:54.120 [info] > git config --get commit.template [4ms]
2023-12-03 17:02:54.135 [info] > git for-each-ref --format=%(refname)%00%(upstream:short)%00%(objectname)%00%(upstream:track)%00%(upstream:remotename)%00%(upstream:remoteref) refs/heads/main refs/remotes/main [5ms]
2023-12-03 17:02:54.164 [info] > git status -z -uall [19ms]
2023-12-03 17:03:05.017 [info] > git config --get commit.template [19ms]
2023-12-03 17:03:05.025 [info] > git for-each-ref --format=%(refname)%00%(upstream:short)%00%(objectname)%00%(upstream:track)%00%(upstream:remotename)%00%(upstream:remoteref) refs/heads/main refs/remotes/main [10ms]
2023-12-03 17:03:05.056 [info] > git status -z -uall [21ms]
2023-12-03 17:03:22.605 [info] > git config --get commit.template [14ms]
2023-12-03 17:03:22.610 [info] > git for-each-ref --format=%(refname)%00%(upstream:short)%00%(objectname)%00%(upstream:track)%00%(upstream:remotename)%00%(upstream:remoteref) refs/heads/main refs/remotes/main [7ms]
2023-12-03 17:03:22.642 [info] > git status -z -uall [23ms]
2023-12-03 17:03:58.544 [info] > git config --get commit.template [17ms]
2023-12-03 17:03:58.551 [info] > git for-each-ref --format=%(refname)%00%(upstream:short)%00%(objectname)%00%(upstream:track)%00%(upstream:remotename)%00%(upstream:remoteref) refs/heads/main refs/remotes/main [9ms]
2023-12-03 17:03:58.585 [info] > git status -z -uall [20ms]
2023-12-03 17:04:03.625 [info] > git config --get commit.template [14ms]
2023-12-03 17:04:03.628 [info] > git for-each-ref --format=%(refname)%00%(upstream:short)%00%(objectname)%00%(upstream:track)%00%(upstream:remotename)%00%(upstream:remoteref) refs/heads/main refs/remotes/main [4ms]
2023-12-03 17:04:03.657 [info] > git status -z -uall [20ms]
2023-12-03 17:04:29.626 [info] > git config --get commit.template [17ms]
2023-12-03 17:04:29.634 [info] > git for-each-ref --format=%(refname)%00%(upstream:short)%00%(objectname)%00%(upstream:track)%00%(upstream:remotename)%00%(upstream:remoteref) refs/heads/main refs/remotes/main [11ms]
2023-12-03 17:04:29.667 [info] > git status -z -uall [23ms]
2023-12-03 17:04:38.390 [info] > git config --get commit.template [16ms]
2023-12-03 17:04:38.392 [info] > git for-each-ref --format=%(refname)%00%(upstream:short)%00%(objectname)%00%(upstream:track)%00%(upstream:remotename)%00%(upstream:remoteref) refs/heads/main refs/remotes/main [5ms]
2023-12-03 17:04:38.422 [info] > git status -z -uall [20ms]
2023-12-03 17:04:45.041 [info] > git config --get commit.template [55ms]
2023-12-03 17:04:45.045 [info] > git for-each-ref --format=%(refname)%00%(upstream:short)%00%(objectname)%00%(upstream:track)%00%(upstream:remotename)%00%(upstream:remoteref) refs/heads/main refs/remotes/main [20ms]
2023-12-03 17:04:45.154 [info] > git status -z -uall [78ms]
2023-12-03 17:04:54.028 [info] > git config --get commit.template [43ms]
2023-12-03 17:04:54.039 [info] > git for-each-ref --format=%(refname)%00%(upstream:short)%00%(objectname)%00%(upstream:track)%00%(upstream:remotename)%00%(upstream:remoteref) refs/heads/main refs/remotes/main [17ms]
2023-12-03 17:04:54.162 [info] > git status -z -uall [90ms]
2023-12-03 17:05:20.184 [info] > git config --get commit.template [3ms]
2023-12-03 17:05:20.198 [info] > git for-each-ref --format=%(refname)%00%(upstream:short)%00%(objectname)%00%(upstream:track)%00%(upstream:remotename)%00%(upstream:remoteref) refs/heads/main refs/remotes/main [4ms]
2023-12-03 17:05:20.227 [info] > git status -z -uall [19ms]
2023-12-03 17:05:25.268 [info] > git config --get commit.template [6ms]
2023-12-03 17:05:25.284 [info] > git for-each-ref --format=%(refname)%00%(upstream:short)%00%(objectname)%00%(upstream:track)%00%(upstream:remotename)%00%(upstream:remoteref) refs/heads/main refs/remotes/main [5ms]
2023-12-03 17:05:25.314 [info] > git status -z -uall [21ms]
2023-12-03 17:05:35.861 [info] > git config --get commit.template [46ms]
2023-12-03 17:05:35.880 [info] > git for-each-ref --format=%(refname)%00%(upstream:short)%00%(objectname)%00%(upstream:track)%00%(upstream:remotename)%00%(upstream:remoteref) refs/heads/main refs/remotes/main [24ms]
2023-12-03 17:05:35.923 [info] > git status -z -uall [28ms]
2023-12-03 17:05:46.382 [info] > git config --get commit.template [17ms]
2023-12-03 17:05:46.388 [info] > git for-each-ref --format=%(refname)%00%(upstream:short)%00%(objectname)%00%(upstream:track)%00%(upstream:remotename)%00%(upstream:remoteref) refs/heads/main refs/remotes/main [8ms]
2023-12-03 17:05:46.420 [info] > git status -z -uall [22ms]
2023-12-03 17:05:51.468 [info] > git config --get commit.template [10ms]
2023-12-03 17:05:51.520 [info] > git for-each-ref --format=%(refname)%00%(upstream:short)%00%(objectname)%00%(upstream:track)%00%(upstream:remotename)%00%(upstream:remoteref) refs/heads/main refs/remotes/main [20ms]
2023-12-03 17:05:51.621 [info] > git status -z -uall [65ms]
2023-12-03 17:05:56.667 [info] > git config --get commit.template [14ms]
2023-12-03 17:05:56.670 [info] > git for-each-ref --format=%(refname)%00%(upstream:short)%00%(objectname)%00%(upstream:track)%00%(upstream:remotename)%00%(upstream:remoteref) refs/heads/main refs/remotes/main [4ms]
2023-12-03 17:05:56.699 [info] > git status -z -uall [20ms]
