2023-12-03 22:40:49.840 [info] Log level: Info
2023-12-03 22:40:49.840 [info] Validating found git in: "git"
2023-12-03 22:40:49.840 [info] Using git "2.30.2" from "git"
2023-12-03 22:40:49.840 [info] > git rev-parse --show-toplevel [117ms]
2023-12-03 22:40:49.859 [info] > git rev-parse --git-dir --git-common-dir [27ms]
2023-12-03 22:40:49.976 [info] Open repository: /home/rosalio/Escritorio/boilerplate-express
2023-12-03 22:40:50.080 [info] > git config --get commit.template [33ms]
2023-12-03 22:40:50.095 [info] > git rev-parse --show-toplevel [30ms]
2023-12-03 22:40:50.164 [info] > git for-each-ref --format=%(refname)%00%(upstream:short)%00%(objectname)%00%(upstream:track)%00%(upstream:remotename)%00%(upstream:remoteref) refs/heads/main refs/remotes/main [47ms]
2023-12-03 22:40:50.191 [info] > git rev-parse --show-toplevel [30ms]
2023-12-03 22:40:50.242 [info] > git rev-parse --show-toplevel [16ms]
2023-12-03 22:40:50.278 [info] > git status -z -uall [90ms]
2023-12-03 22:40:50.566 [info] > git config --get commit.template [161ms]
2023-12-03 22:40:50.675 [info] > git for-each-ref --format=%(refname)%00%(upstream:short)%00%(objectname)%00%(upstream:track)%00%(upstream:remotename)%00%(upstream:remoteref) refs/heads/main refs/remotes/main [27ms]
2023-12-03 22:40:50.774 [info] > git status -z -uall [57ms]
2023-12-03 22:40:51.963 [info] > git check-ignore -v -z --stdin [20ms]
2023-12-03 22:40:59.363 [info] > git config --get commit.template [29ms]
2023-12-03 22:40:59.377 [info] > git for-each-ref --format=%(refname)%00%(upstream:short)%00%(objectname)%00%(upstream:track)%00%(upstream:remotename)%00%(upstream:remoteref) refs/heads/main refs/remotes/main [17ms]
2023-12-03 22:40:59.451 [info] > git status -z -uall [24ms]
2023-12-03 22:41:04.486 [info] > git config --get commit.template [5ms]
2023-12-03 22:41:04.504 [info] > git for-each-ref --format=%(refname)%00%(upstream:short)%00%(objectname)%00%(upstream:track)%00%(upstream:remotename)%00%(upstream:remoteref) refs/heads/main refs/remotes/main [5ms]
2023-12-03 22:41:04.550 [info] > git status -z -uall [33ms]
2023-12-03 22:41:09.592 [info] > git config --get commit.template [3ms]
2023-12-03 22:41:09.611 [info] > git for-each-ref --format=%(refname)%00%(upstream:short)%00%(objectname)%00%(upstream:track)%00%(upstream:remotename)%00%(upstream:remoteref) refs/heads/main refs/remotes/main [8ms]
2023-12-03 22:41:09.653 [info] > git status -z -uall [23ms]
2023-12-03 22:41:14.714 [info] > git config --get commit.template [25ms]
2023-12-03 22:41:14.730 [info] > git for-each-ref --format=%(refname)%00%(upstream:short)%00%(objectname)%00%(upstream:track)%00%(upstream:remotename)%00%(upstream:remoteref) refs/heads/main refs/remotes/main [19ms]
2023-12-03 22:41:14.793 [info] > git status -z -uall [42ms]
2023-12-03 22:41:19.846 [info] > git config --get commit.template [4ms]
2023-12-03 22:41:19.862 [info] > git for-each-ref --format=%(refname)%00%(upstream:short)%00%(objectname)%00%(upstream:track)%00%(upstream:remotename)%00%(upstream:remoteref) refs/heads/main refs/remotes/main [5ms]
2023-12-03 22:41:19.897 [info] > git status -z -uall [23ms]
2023-12-03 22:42:26.187 [info] > git config --get commit.template [18ms]
2023-12-03 22:42:26.200 [info] > git for-each-ref --format=%(refname)%00%(upstream:short)%00%(objectname)%00%(upstream:track)%00%(upstream:remotename)%00%(upstream:remoteref) refs/heads/main refs/remotes/main [17ms]
2023-12-03 22:42:26.239 [info] > git status -z -uall [25ms]
2023-12-03 22:42:31.325 [info] > git config --get commit.template [11ms]
2023-12-03 22:42:31.380 [info] > git for-each-ref --format=%(refname)%00%(upstream:short)%00%(objectname)%00%(upstream:track)%00%(upstream:remotename)%00%(upstream:remoteref) refs/heads/main refs/remotes/main [18ms]
2023-12-03 22:42:31.460 [info] > git status -z -uall [42ms]
2023-12-03 22:43:35.510 [info] > git config --get commit.template [57ms]
2023-12-03 22:43:35.521 [info] > git for-each-ref --format=%(refname)%00%(upstream:short)%00%(objectname)%00%(upstream:track)%00%(upstream:remotename)%00%(upstream:remoteref) refs/heads/main refs/remotes/main [23ms]
2023-12-03 22:43:35.591 [info] > git status -z -uall [46ms]
2023-12-03 22:44:03.731 [info] > git config --get commit.template [8ms]
2023-12-03 22:44:03.772 [info] No remotes found in the git config file.
2023-12-03 22:44:03.784 [info] > git for-each-ref --format=%(refname)%00%(upstream:short)%00%(objectname)%00%(upstream:track)%00%(upstream:remotename)%00%(upstream:remoteref) refs/heads/main refs/remotes/main [13ms]
2023-12-03 22:44:03.902 [info] > git status -z -uall [84ms]
2023-12-03 22:44:25.764 [info] > git config --get commit.template [18ms]
2023-12-03 22:44:25.766 [info] > git for-each-ref --format=%(refname)%00%(upstream:short)%00%(objectname)%00%(upstream:track)%00%(upstream:remotename)%00%(upstream:remoteref) refs/heads/main refs/remotes/main [4ms]
2023-12-03 22:44:25.801 [info] > git status -z -uall [23ms]
2023-12-03 22:44:32.949 [info] > git config --get commit.template [4ms]
2023-12-03 22:44:32.964 [info] > git for-each-ref --format=%(refname)%00%(upstream:short)%00%(objectname)%00%(upstream:track)%00%(upstream:remotename)%00%(upstream:remoteref) refs/heads/main refs/remotes/main [4ms]
2023-12-03 22:44:32.997 [info] > git status -z -uall [22ms]
