2023-11-27 11:04:12.915 [info] Extension host with pid 3581 started
2023-11-27 11:04:12.915 [info] Skipping acquiring lock for /home/rosalio/Escritorio/boilerplate-express/temp/User/workspaceStorage/b2923653fea9d44fbba2277cd17cab1d.
2023-11-27 11:04:13.774 [info] ExtensionService#_doActivateExtension vscode.git-base, startup: true, activationEvent: '*'
2023-11-27 11:04:13.853 [info] ExtensionService#_doActivateExtension vscode.npm, startup: true, activationEvent: 'workspaceContains:package.json'
2023-11-27 11:04:14.409 [info] ExtensionService#_doActivateExtension vscode.github, startup: true, activationEvent: '*'
2023-11-27 11:04:15.077 [info] Eager extensions activated
2023-11-27 11:04:15.151 [info] ExtensionService#_doActivateExtension vscode.debug-auto-launch, startup: false, activationEvent: 'onStartupFinished'
2023-11-27 11:04:15.169 [info] ExtensionService#_doActivateExtension vscode.merge-conflict, startup: false, activationEvent: 'onStartupFinished'
2023-11-27 11:04:22.967 [info] ExtensionService#_doActivateExtension vscode.git, startup: false, activationEvent: 'api', root cause: vscode.github
2023-11-27 11:04:23.403 [info] ExtensionService#_doActivateExtension ritwickdey.LiveServer, startup: false, activationEvent: 'onStartupFinished'
2023-11-27 11:04:23.439 [info] ExtensionService#_doActivateExtension shannonliang.js-intellisense, startup: false, activationEvent: '*'
2023-11-27 11:04:25.090 [info] ExtensionService#_doActivateExtension vscode.github-authentication, startup: false, activationEvent: 'onAuthenticationRequest:github'
2023-11-27 11:04:28.786 [info] ExtensionService#_doActivateExtension vscode.typescript-language-features, startup: false, activationEvent: 'onLanguage:javascript'
2023-11-27 11:04:29.226 [info] ExtensionService#_doActivateExtension leizongmin.node-module-intellisense, startup: false, activationEvent: 'onLanguage:javascript'
2023-11-27 11:04:29.245 [info] ExtensionService#_doActivateExtension vscode.emmet, startup: false, activationEvent: 'onLanguage'
2023-11-27 12:43:46.464 [warning] [Decorations] CAPPING events from decorations provider vscode.git 251
2023-11-27 12:47:16.103 [info] ExtensionService#_doActivateExtension vscode.extension-editing, startup: false, activationEvent: 'onLanguage:json'
2023-11-27 12:47:16.178 [info] ExtensionService#_doActivateExtension vscode.json-language-features, startup: false, activationEvent: 'onLanguage:json'
2023-11-27 12:47:19.445 [warning] [Decorations] CAPPING events from decorations provider vscode.git 251
2023-11-27 12:47:24.570 [warning] [Decorations] CAPPING events from decorations provider vscode.git 251
2023-11-27 12:47:29.678 [warning] [Decorations] CAPPING events from decorations provider vscode.git 253
2023-11-27 12:47:34.788 [warning] [Decorations] CAPPING events from decorations provider vscode.git 253
2023-11-27 12:47:39.890 [warning] [Decorations] CAPPING events from decorations provider vscode.git 253
2023-11-27 12:47:44.996 [warning] [Decorations] CAPPING events from decorations provider vscode.git 253
2023-11-27 12:47:50.091 [warning] [Decorations] CAPPING events from decorations provider vscode.git 253
2023-11-27 12:47:55.179 [warning] [Decorations] CAPPING events from decorations provider vscode.git 253
2023-11-27 12:48:00.422 [warning] [Decorations] CAPPING events from decorations provider vscode.git 253
2023-11-27 12:48:05.635 [warning] [Decorations] CAPPING events from decorations provider vscode.git 253
2023-11-27 12:48:10.822 [warning] [Decorations] CAPPING events from decorations provider vscode.git 253
2023-11-27 12:48:16.085 [warning] [Decorations] CAPPING events from decorations provider vscode.git 253
2023-11-27 12:48:21.348 [warning] [Decorations] CAPPING events from decorations provider vscode.git 253
2023-11-27 12:48:26.617 [warning] [Decorations] CAPPING events from decorations provider vscode.git 253
2023-11-27 12:48:31.878 [warning] [Decorations] CAPPING events from decorations provider vscode.git 253
2023-11-27 12:48:37.086 [warning] [Decorations] CAPPING events from decorations provider vscode.git 253
2023-11-27 12:48:42.343 [warning] [Decorations] CAPPING events from decorations provider vscode.git 253
2023-11-27 12:48:47.439 [warning] [Decorations] CAPPING events from decorations provider vscode.git 253
2023-11-27 12:48:52.526 [warning] [Decorations] CAPPING events from decorations provider vscode.git 253
2023-11-27 12:48:57.610 [warning] [Decorations] CAPPING events from decorations provider vscode.git 253
2023-11-27 12:49:02.693 [warning] [Decorations] CAPPING events from decorations provider vscode.git 253
2023-11-27 12:49:07.778 [warning] [Decorations] CAPPING events from decorations provider vscode.git 253
2023-11-27 12:49:13.040 [warning] [Decorations] CAPPING events from decorations provider vscode.git 253
2023-11-27 12:49:18.260 [warning] [Decorations] CAPPING events from decorations provider vscode.git 253
2023-11-27 12:49:23.494 [warning] [Decorations] CAPPING events from decorations provider vscode.git 253
2023-11-27 12:49:28.646 [warning] [Decorations] CAPPING events from decorations provider vscode.git 253
2023-11-27 12:49:33.920 [warning] [Decorations] CAPPING events from decorations provider vscode.git 253
2023-11-27 12:49:39.015 [warning] [Decorations] CAPPING events from decorations provider vscode.git 253
2023-11-27 12:49:44.290 [warning] [Decorations] CAPPING events from decorations provider vscode.git 253
2023-11-27 12:49:49.560 [warning] [Decorations] CAPPING events from decorations provider vscode.git 254
2023-11-27 12:49:54.812 [warning] [Decorations] CAPPING events from decorations provider vscode.git 254
2023-11-27 12:50:00.074 [warning] [Decorations] CAPPING events from decorations provider vscode.git 254
2023-11-27 12:50:05.341 [warning] [Decorations] CAPPING events from decorations provider vscode.git 254
2023-11-27 12:50:10.602 [warning] [Decorations] CAPPING events from decorations provider vscode.git 254
2023-11-27 12:50:15.843 [warning] [Decorations] CAPPING events from decorations provider vscode.git 254
2023-11-27 12:50:21.081 [warning] [Decorations] CAPPING events from decorations provider vscode.git 254
2023-11-27 12:50:26.345 [warning] [Decorations] CAPPING events from decorations provider vscode.git 255
2023-11-27 12:50:31.606 [warning] [Decorations] CAPPING events from decorations provider vscode.git 254
2023-11-27 12:50:36.766 [warning] [Decorations] CAPPING events from decorations provider vscode.git 254
2023-11-27 12:50:42.002 [warning] [Decorations] CAPPING events from decorations provider vscode.git 255
2023-11-27 12:50:47.163 [warning] [Decorations] CAPPING events from decorations provider vscode.git 255
2023-11-27 12:50:52.327 [warning] [Decorations] CAPPING events from decorations provider vscode.git 255
2023-11-27 12:50:57.516 [warning] [Decorations] CAPPING events from decorations provider vscode.git 255
2023-11-27 12:51:02.706 [warning] [Decorations] CAPPING events from decorations provider vscode.git 255
2023-11-27 12:51:07.938 [warning] [Decorations] CAPPING events from decorations provider vscode.git 255
2023-11-27 12:51:13.223 [warning] [Decorations] CAPPING events from decorations provider vscode.git 255
2023-11-27 12:51:18.363 [warning] [Decorations] CAPPING events from decorations provider vscode.git 255
2023-11-27 12:51:23.609 [warning] [Decorations] CAPPING events from decorations provider vscode.git 255
2023-11-27 12:51:28.880 [warning] [Decorations] CAPPING events from decorations provider vscode.git 255
2023-11-27 12:51:34.094 [warning] [Decorations] CAPPING events from decorations provider vscode.git 255
2023-11-27 12:51:39.288 [warning] [Decorations] CAPPING events from decorations provider vscode.git 255
2023-11-27 12:51:44.439 [warning] [Decorations] CAPPING events from decorations provider vscode.git 255
2023-11-27 12:51:49.675 [warning] [Decorations] CAPPING events from decorations provider vscode.git 255
2023-11-27 12:51:54.919 [warning] [Decorations] CAPPING events from decorations provider vscode.git 255
2023-11-27 12:52:00.121 [warning] [Decorations] CAPPING events from decorations provider vscode.git 255
2023-11-27 12:52:05.289 [warning] [Decorations] CAPPING events from decorations provider vscode.git 255
2023-11-27 12:52:10.533 [warning] [Decorations] CAPPING events from decorations provider vscode.git 255
2023-11-27 12:52:15.786 [warning] [Decorations] CAPPING events from decorations provider vscode.git 255
2023-11-27 12:52:21.004 [warning] [Decorations] CAPPING events from decorations provider vscode.git 255
2023-11-27 12:52:26.153 [warning] [Decorations] CAPPING events from decorations provider vscode.git 255
2023-11-27 12:52:31.381 [warning] [Decorations] CAPPING events from decorations provider vscode.git 255
2023-11-27 12:52:36.633 [warning] [Decorations] CAPPING events from decorations provider vscode.git 255
2023-11-27 12:52:41.752 [warning] [Decorations] CAPPING events from decorations provider vscode.git 255
2023-11-27 12:52:46.945 [warning] [Decorations] CAPPING events from decorations provider vscode.git 255
2023-11-27 12:52:52.118 [warning] [Decorations] CAPPING events from decorations provider vscode.git 255
2023-11-27 12:52:57.368 [warning] [Decorations] CAPPING events from decorations provider vscode.git 255
2023-11-27 12:53:02.610 [warning] [Decorations] CAPPING events from decorations provider vscode.git 255
2023-11-27 12:53:07.780 [warning] [Decorations] CAPPING events from decorations provider vscode.git 255
2023-11-27 12:53:12.920 [warning] [Decorations] CAPPING events from decorations provider vscode.git 255
2023-11-27 12:53:18.152 [warning] [Decorations] CAPPING events from decorations provider vscode.git 255
2023-11-27 12:53:23.309 [warning] [Decorations] CAPPING events from decorations provider vscode.git 255
2023-11-27 12:53:28.478 [warning] [Decorations] CAPPING events from decorations provider vscode.git 255
2023-11-27 12:53:33.712 [warning] [Decorations] CAPPING events from decorations provider vscode.git 255
2023-11-27 12:53:38.890 [warning] [Decorations] CAPPING events from decorations provider vscode.git 255
2023-11-27 12:53:44.164 [warning] [Decorations] CAPPING events from decorations provider vscode.git 255
2023-11-27 12:53:49.378 [warning] [Decorations] CAPPING events from decorations provider vscode.git 255
2023-11-27 12:53:54.578 [warning] [Decorations] CAPPING events from decorations provider vscode.git 255
2023-11-27 12:53:59.741 [warning] [Decorations] CAPPING events from decorations provider vscode.git 255
2023-11-27 12:54:04.965 [warning] [Decorations] CAPPING events from decorations provider vscode.git 255
2023-11-27 12:54:10.237 [warning] [Decorations] CAPPING events from decorations provider vscode.git 255
2023-11-27 12:54:15.478 [warning] [Decorations] CAPPING events from decorations provider vscode.git 255
2023-11-27 12:54:20.775 [warning] [Decorations] CAPPING events from decorations provider vscode.git 255
2023-11-27 12:54:26.024 [warning] [Decorations] CAPPING events from decorations provider vscode.git 255
2023-11-27 12:54:31.258 [warning] [Decorations] CAPPING events from decorations provider vscode.git 255
2023-11-27 12:54:36.378 [warning] [Decorations] CAPPING events from decorations provider vscode.git 255
2023-11-27 12:54:41.566 [warning] [Decorations] CAPPING events from decorations provider vscode.git 255
2023-11-27 12:54:46.812 [warning] [Decorations] CAPPING events from decorations provider vscode.git 255
2023-11-27 12:54:52.029 [warning] [Decorations] CAPPING events from decorations provider vscode.git 255
2023-11-27 12:54:57.222 [warning] [Decorations] CAPPING events from decorations provider vscode.git 255
2023-11-27 12:55:02.443 [warning] [Decorations] CAPPING events from decorations provider vscode.git 255
2023-11-27 12:55:07.601 [warning] [Decorations] CAPPING events from decorations provider vscode.git 255
2023-11-27 12:55:12.818 [warning] [Decorations] CAPPING events from decorations provider vscode.git 255
2023-11-27 12:55:18.029 [warning] [Decorations] CAPPING events from decorations provider vscode.git 255
2023-11-27 12:55:23.260 [warning] [Decorations] CAPPING events from decorations provider vscode.git 255
2023-11-27 12:55:28.512 [warning] [Decorations] CAPPING events from decorations provider vscode.git 255
2023-11-27 12:55:33.714 [warning] [Decorations] CAPPING events from decorations provider vscode.git 255
2023-11-27 12:55:38.986 [warning] [Decorations] CAPPING events from decorations provider vscode.git 255
2023-11-27 12:55:44.256 [warning] [Decorations] CAPPING events from decorations provider vscode.git 255
2023-11-27 12:55:49.494 [warning] [Decorations] CAPPING events from decorations provider vscode.git 255
2023-11-27 12:55:54.762 [warning] [Decorations] CAPPING events from decorations provider vscode.git 255
2023-11-27 12:56:00.016 [warning] [Decorations] CAPPING events from decorations provider vscode.git 255
2023-11-27 12:56:05.204 [warning] [Decorations] CAPPING events from decorations provider vscode.git 255
2023-11-27 12:56:10.433 [warning] [Decorations] CAPPING events from decorations provider vscode.git 255
2023-11-27 12:56:15.674 [warning] [Decorations] CAPPING events from decorations provider vscode.git 255
2023-11-27 12:56:20.954 [warning] [Decorations] CAPPING events from decorations provider vscode.git 255
2023-11-27 12:56:26.228 [warning] [Decorations] CAPPING events from decorations provider vscode.git 255
2023-11-27 12:56:31.484 [warning] [Decorations] CAPPING events from decorations provider vscode.git 255
2023-11-27 12:56:36.642 [warning] [Decorations] CAPPING events from decorations provider vscode.git 255
2023-11-27 12:56:41.870 [warning] [Decorations] CAPPING events from decorations provider vscode.git 255
2023-11-27 12:56:47.062 [warning] [Decorations] CAPPING events from decorations provider vscode.git 255
2023-11-27 12:56:52.308 [warning] [Decorations] CAPPING events from decorations provider vscode.git 255
2023-11-27 12:56:57.532 [warning] [Decorations] CAPPING events from decorations provider vscode.git 255
2023-11-27 12:57:02.750 [warning] [Decorations] CAPPING events from decorations provider vscode.git 256
2023-11-27 12:57:07.994 [warning] [Decorations] CAPPING events from decorations provider vscode.git 255
2023-11-27 12:57:13.258 [warning] [Decorations] CAPPING events from decorations provider vscode.git 255
2023-11-27 12:57:18.520 [warning] [Decorations] CAPPING events from decorations provider vscode.git 255
2023-11-27 12:57:23.763 [warning] [Decorations] CAPPING events from decorations provider vscode.git 255
2023-11-27 12:57:29.015 [warning] [Decorations] CAPPING events from decorations provider vscode.git 255
2023-11-27 12:57:34.279 [warning] [Decorations] CAPPING events from decorations provider vscode.git 255
2023-11-27 12:57:39.539 [warning] [Decorations] CAPPING events from decorations provider vscode.git 255
2023-11-27 12:57:44.839 [warning] [Decorations] CAPPING events from decorations provider vscode.git 255
2023-11-27 12:57:49.993 [warning] [Decorations] CAPPING events from decorations provider vscode.git 255
2023-11-27 12:57:55.207 [warning] [Decorations] CAPPING events from decorations provider vscode.git 256
2023-11-27 12:58:00.408 [warning] [Decorations] CAPPING events from decorations provider vscode.git 257
2023-11-27 12:58:05.622 [warning] [Decorations] CAPPING events from decorations provider vscode.git 256
2023-11-27 12:58:10.852 [warning] [Decorations] CAPPING events from decorations provider vscode.git 256
2023-11-27 12:58:16.073 [warning] [Decorations] CAPPING events from decorations provider vscode.git 256
2023-11-27 12:58:21.288 [warning] [Decorations] CAPPING events from decorations provider vscode.git 256
2023-11-27 12:58:26.504 [warning] [Decorations] CAPPING events from decorations provider vscode.git 256
2023-11-27 12:58:31.665 [warning] [Decorations] CAPPING events from decorations provider vscode.git 256
2023-11-27 12:58:36.946 [warning] [Decorations] CAPPING events from decorations provider vscode.git 256
2023-11-27 12:58:42.172 [warning] [Decorations] CAPPING events from decorations provider vscode.git 256
2023-11-27 12:58:47.442 [warning] [Decorations] CAPPING events from decorations provider vscode.git 256
2023-11-27 12:58:52.712 [warning] [Decorations] CAPPING events from decorations provider vscode.git 256
2023-11-27 12:58:57.962 [warning] [Decorations] CAPPING events from decorations provider vscode.git 256
2023-11-27 12:59:03.214 [warning] [Decorations] CAPPING events from decorations provider vscode.git 256
2023-11-27 12:59:08.413 [warning] [Decorations] CAPPING events from decorations provider vscode.git 256
2023-11-27 12:59:13.694 [warning] [Decorations] CAPPING events from decorations provider vscode.git 256
2023-11-27 12:59:18.942 [warning] [Decorations] CAPPING events from decorations provider vscode.git 256
2023-11-27 12:59:24.096 [warning] [Decorations] CAPPING events from decorations provider vscode.git 256
2023-11-27 12:59:29.176 [warning] [Decorations] CAPPING events from decorations provider vscode.git 256
2023-11-27 12:59:34.341 [warning] [Decorations] CAPPING events from decorations provider vscode.git 257
2023-11-27 12:59:39.430 [warning] [Decorations] CAPPING events from decorations provider vscode.git 258
2023-11-27 12:59:59.765 [warning] [Decorations] CAPPING events from decorations provider vscode.git 257
2023-11-27 13:00:04.914 [warning] [Decorations] CAPPING events from decorations provider vscode.git 257
2023-11-27 13:00:10.172 [warning] [Decorations] CAPPING events from decorations provider vscode.git 258
2023-11-27 13:00:15.422 [warning] [Decorations] CAPPING events from decorations provider vscode.git 258
2023-11-27 13:00:20.571 [warning] [Decorations] CAPPING events from decorations provider vscode.git 258
2023-11-27 13:00:25.680 [warning] [Decorations] CAPPING events from decorations provider vscode.git 259
2023-11-27 13:00:30.796 [warning] [Decorations] CAPPING events from decorations provider vscode.git 258
2023-11-27 13:00:35.873 [warning] [Decorations] CAPPING events from decorations provider vscode.git 258
2023-11-27 13:00:40.972 [warning] [Decorations] CAPPING events from decorations provider vscode.git 258
2023-11-27 13:00:46.049 [warning] [Decorations] CAPPING events from decorations provider vscode.git 258
2023-11-27 13:00:51.161 [warning] [Decorations] CAPPING events from decorations provider vscode.git 258
2023-11-27 13:00:56.285 [warning] [Decorations] CAPPING events from decorations provider vscode.git 258
2023-11-27 13:01:01.520 [warning] [Decorations] CAPPING events from decorations provider vscode.git 258
2023-11-27 13:01:06.771 [warning] [Decorations] CAPPING events from decorations provider vscode.git 258
2023-11-27 13:01:12.011 [warning] [Decorations] CAPPING events from decorations provider vscode.git 258
2023-11-27 13:01:17.115 [warning] [Decorations] CAPPING events from decorations provider vscode.git 258
2023-11-27 13:01:22.210 [warning] [Decorations] CAPPING events from decorations provider vscode.git 258
2023-11-27 13:01:27.452 [warning] [Decorations] CAPPING events from decorations provider vscode.git 258
2023-11-27 13:01:32.703 [warning] [Decorations] CAPPING events from decorations provider vscode.git 258
2023-11-27 13:01:37.953 [warning] [Decorations] CAPPING events from decorations provider vscode.git 258
2023-11-27 13:01:43.178 [warning] [Decorations] CAPPING events from decorations provider vscode.git 258
2023-11-27 13:01:48.371 [warning] [Decorations] CAPPING events from decorations provider vscode.git 258
2023-11-27 13:01:53.613 [warning] [Decorations] CAPPING events from decorations provider vscode.git 258
2023-11-27 13:01:58.877 [warning] [Decorations] CAPPING events from decorations provider vscode.git 258
2023-11-27 13:02:04.091 [warning] [Decorations] CAPPING events from decorations provider vscode.git 258
2023-11-27 13:02:09.366 [warning] [Decorations] CAPPING events from decorations provider vscode.git 258
2023-11-27 13:02:14.631 [warning] [Decorations] CAPPING events from decorations provider vscode.git 258
2023-11-27 13:02:19.846 [warning] [Decorations] CAPPING events from decorations provider vscode.git 258
2023-11-27 13:02:25.084 [warning] [Decorations] CAPPING events from decorations provider vscode.git 258
2023-11-27 13:02:30.357 [warning] [Decorations] CAPPING events from decorations provider vscode.git 258
2023-11-27 13:02:35.600 [warning] [Decorations] CAPPING events from decorations provider vscode.git 258
2023-11-27 13:02:40.854 [warning] [Decorations] CAPPING events from decorations provider vscode.git 258
2023-11-27 13:02:46.102 [warning] [Decorations] CAPPING events from decorations provider vscode.git 258
2023-11-27 13:02:51.343 [warning] [Decorations] CAPPING events from decorations provider vscode.git 258
2023-11-27 13:02:56.588 [warning] [Decorations] CAPPING events from decorations provider vscode.git 258
2023-11-27 13:03:01.839 [warning] [Decorations] CAPPING events from decorations provider vscode.git 258
2023-11-27 13:03:07.061 [warning] [Decorations] CAPPING events from decorations provider vscode.git 258
2023-11-27 13:03:12.146 [warning] [Decorations] CAPPING events from decorations provider vscode.git 258
2023-11-27 13:03:17.374 [warning] [Decorations] CAPPING events from decorations provider vscode.git 258
2023-11-27 13:03:22.507 [warning] [Decorations] CAPPING events from decorations provider vscode.git 258
2023-11-27 13:03:27.605 [warning] [Decorations] CAPPING events from decorations provider vscode.git 258
2023-11-27 13:03:32.844 [warning] [Decorations] CAPPING events from decorations provider vscode.git 258
2023-11-27 13:03:37.944 [warning] [Decorations] CAPPING events from decorations provider vscode.git 258
2023-11-27 13:03:43.158 [warning] [Decorations] CAPPING events from decorations provider vscode.git 258
2023-11-27 13:03:48.369 [warning] [Decorations] CAPPING events from decorations provider vscode.git 258
2023-11-27 13:03:53.594 [warning] [Decorations] CAPPING events from decorations provider vscode.git 258
2023-11-27 13:03:58.687 [warning] [Decorations] CAPPING events from decorations provider vscode.git 258
2023-11-27 13:04:03.937 [warning] [Decorations] CAPPING events from decorations provider vscode.git 258
2023-11-27 13:04:09.129 [warning] [Decorations] CAPPING events from decorations provider vscode.git 258
2023-11-27 13:04:14.292 [warning] [Decorations] CAPPING events from decorations provider vscode.git 258
2023-11-27 13:04:19.474 [warning] [Decorations] CAPPING events from decorations provider vscode.git 258
2023-11-27 13:04:24.682 [warning] [Decorations] CAPPING events from decorations provider vscode.git 258
2023-11-27 13:04:29.804 [warning] [Decorations] CAPPING events from decorations provider vscode.git 258
2023-11-27 13:04:34.949 [warning] [Decorations] CAPPING events from decorations provider vscode.git 258
2023-11-27 13:04:40.104 [warning] [Decorations] CAPPING events from decorations provider vscode.git 258
2023-11-27 13:04:45.248 [warning] [Decorations] CAPPING events from decorations provider vscode.git 258
2023-11-27 13:04:50.447 [warning] [Decorations] CAPPING events from decorations provider vscode.git 258
2023-11-27 13:04:55.550 [warning] [Decorations] CAPPING events from decorations provider vscode.git 258
2023-11-27 13:05:00.655 [warning] [Decorations] CAPPING events from decorations provider vscode.git 258
2023-11-27 13:05:05.806 [warning] [Decorations] CAPPING events from decorations provider vscode.git 258
2023-11-27 13:05:11.045 [warning] [Decorations] CAPPING events from decorations provider vscode.git 258
2023-11-27 13:05:16.302 [warning] [Decorations] CAPPING events from decorations provider vscode.git 258
2023-11-27 13:05:21.436 [warning] [Decorations] CAPPING events from decorations provider vscode.git 258
2023-11-27 13:05:26.654 [warning] [Decorations] CAPPING events from decorations provider vscode.git 258
2023-11-27 13:05:31.833 [warning] [Decorations] CAPPING events from decorations provider vscode.git 258
2023-11-27 13:05:36.996 [warning] [Decorations] CAPPING events from decorations provider vscode.git 258
2023-11-27 13:05:42.193 [warning] [Decorations] CAPPING events from decorations provider vscode.git 258
2023-11-27 13:05:47.345 [warning] [Decorations] CAPPING events from decorations provider vscode.git 258
2023-11-27 13:05:52.519 [warning] [Decorations] CAPPING events from decorations provider vscode.git 258
2023-11-27 13:05:57.693 [warning] [Decorations] CAPPING events from decorations provider vscode.git 258
2023-11-27 13:06:02.883 [warning] [Decorations] CAPPING events from decorations provider vscode.git 258
2023-11-27 13:06:08.070 [warning] [Decorations] CAPPING events from decorations provider vscode.git 258
2023-11-27 13:06:13.262 [warning] [Decorations] CAPPING events from decorations provider vscode.git 258
2023-11-27 13:06:18.457 [warning] [Decorations] CAPPING events from decorations provider vscode.git 258
2023-11-27 13:06:23.673 [warning] [Decorations] CAPPING events from decorations provider vscode.git 258
2023-11-27 13:06:28.892 [warning] [Decorations] CAPPING events from decorations provider vscode.git 258
2023-11-27 13:06:34.113 [warning] [Decorations] CAPPING events from decorations provider vscode.git 258
2023-11-27 13:06:39.301 [warning] [Decorations] CAPPING events from decorations provider vscode.git 258
2023-11-27 13:06:44.489 [warning] [Decorations] CAPPING events from decorations provider vscode.git 258
2023-11-27 13:06:49.720 [warning] [Decorations] CAPPING events from decorations provider vscode.git 258
2023-11-27 13:06:54.871 [warning] [Decorations] CAPPING events from decorations provider vscode.git 258
2023-11-27 13:07:00.068 [warning] [Decorations] CAPPING events from decorations provider vscode.git 258
2023-11-27 13:07:05.220 [warning] [Decorations] CAPPING events from decorations provider vscode.git 258
2023-11-27 13:07:10.383 [warning] [Decorations] CAPPING events from decorations provider vscode.git 258
2023-11-27 13:07:15.567 [warning] [Decorations] CAPPING events from decorations provider vscode.git 258
2023-11-27 13:07:20.770 [warning] [Decorations] CAPPING events from decorations provider vscode.git 258
2023-11-27 13:07:25.980 [warning] [Decorations] CAPPING events from decorations provider vscode.git 258
2023-11-27 13:07:31.153 [warning] [Decorations] CAPPING events from decorations provider vscode.git 258
2023-11-27 13:07:36.296 [warning] [Decorations] CAPPING events from decorations provider vscode.git 258
2023-11-27 13:07:41.524 [warning] [Decorations] CAPPING events from decorations provider vscode.git 258
2023-11-27 13:07:46.716 [warning] [Decorations] CAPPING events from decorations provider vscode.git 258
2023-11-27 13:07:51.917 [warning] [Decorations] CAPPING events from decorations provider vscode.git 258
2023-11-27 13:07:57.137 [warning] [Decorations] CAPPING events from decorations provider vscode.git 258
2023-11-27 13:08:02.295 [warning] [Decorations] CAPPING events from decorations provider vscode.git 258
2023-11-27 13:08:07.483 [warning] [Decorations] CAPPING events from decorations provider vscode.git 258
2023-11-27 13:08:12.701 [warning] [Decorations] CAPPING events from decorations provider vscode.git 258
2023-11-27 13:08:17.908 [warning] [Decorations] CAPPING events from decorations provider vscode.git 258
2023-11-27 13:08:23.140 [warning] [Decorations] CAPPING events from decorations provider vscode.git 258
2023-11-27 13:08:28.309 [warning] [Decorations] CAPPING events from decorations provider vscode.git 258
2023-11-27 13:08:33.502 [warning] [Decorations] CAPPING events from decorations provider vscode.git 258
2023-11-27 13:08:38.740 [warning] [Decorations] CAPPING events from decorations provider vscode.git 258
2023-11-27 13:08:43.984 [warning] [Decorations] CAPPING events from decorations provider vscode.git 258
2023-11-27 13:08:49.135 [warning] [Decorations] CAPPING events from decorations provider vscode.git 258
2023-11-27 13:08:54.292 [warning] [Decorations] CAPPING events from decorations provider vscode.git 258
2023-11-27 13:08:59.510 [warning] [Decorations] CAPPING events from decorations provider vscode.git 258
2023-11-27 13:09:04.724 [warning] [Decorations] CAPPING events from decorations provider vscode.git 258
2023-11-27 13:09:09.887 [warning] [Decorations] CAPPING events from decorations provider vscode.git 258
2023-11-27 13:09:15.168 [warning] [Decorations] CAPPING events from decorations provider vscode.git 258
2023-11-27 13:09:20.349 [warning] [Decorations] CAPPING events from decorations provider vscode.git 258
2023-11-27 13:09:25.540 [warning] [Decorations] CAPPING events from decorations provider vscode.git 258
2023-11-27 13:09:30.743 [warning] [Decorations] CAPPING events from decorations provider vscode.git 258
2023-11-27 13:09:35.990 [warning] [Decorations] CAPPING events from decorations provider vscode.git 258
2023-11-27 13:09:41.222 [warning] [Decorations] CAPPING events from decorations provider vscode.git 258
2023-11-27 13:09:46.460 [warning] [Decorations] CAPPING events from decorations provider vscode.git 258
2023-11-27 13:09:51.666 [warning] [Decorations] CAPPING events from decorations provider vscode.git 258
2023-11-27 13:09:56.913 [warning] [Decorations] CAPPING events from decorations provider vscode.git 258
2023-11-27 13:10:02.132 [warning] [Decorations] CAPPING events from decorations provider vscode.git 258
2023-11-27 13:10:07.245 [warning] [Decorations] CAPPING events from decorations provider vscode.git 258
2023-11-27 13:10:12.466 [warning] [Decorations] CAPPING events from decorations provider vscode.git 258
2023-11-27 13:10:17.669 [warning] [Decorations] CAPPING events from decorations provider vscode.git 258
2023-11-27 13:10:22.855 [warning] [Decorations] CAPPING events from decorations provider vscode.git 258
2023-11-27 13:10:28.097 [warning] [Decorations] CAPPING events from decorations provider vscode.git 258
2023-11-27 13:10:33.283 [warning] [Decorations] CAPPING events from decorations provider vscode.git 258
2023-11-27 13:10:38.482 [warning] [Decorations] CAPPING events from decorations provider vscode.git 258
2023-11-27 13:10:43.668 [warning] [Decorations] CAPPING events from decorations provider vscode.git 258
2023-11-27 13:10:48.889 [warning] [Decorations] CAPPING events from decorations provider vscode.git 258
2023-11-27 13:10:54.125 [warning] [Decorations] CAPPING events from decorations provider vscode.git 258
2023-11-27 13:10:59.290 [warning] [Decorations] CAPPING events from decorations provider vscode.git 258
2023-11-27 13:11:04.502 [warning] [Decorations] CAPPING events from decorations provider vscode.git 258
2023-11-27 13:11:09.737 [warning] [Decorations] CAPPING events from decorations provider vscode.git 258
2023-11-27 13:11:14.956 [warning] [Decorations] CAPPING events from decorations provider vscode.git 258
2023-11-27 13:11:20.183 [warning] [Decorations] CAPPING events from decorations provider vscode.git 258
2023-11-27 13:11:25.338 [warning] [Decorations] CAPPING events from decorations provider vscode.git 258
2023-11-27 13:11:30.549 [warning] [Decorations] CAPPING events from decorations provider vscode.git 258
2023-11-27 13:11:35.768 [warning] [Decorations] CAPPING events from decorations provider vscode.git 258
2023-11-27 13:11:40.973 [warning] [Decorations] CAPPING events from decorations provider vscode.git 258
2023-11-27 13:11:46.198 [warning] [Decorations] CAPPING events from decorations provider vscode.git 258
2023-11-27 13:11:51.403 [warning] [Decorations] CAPPING events from decorations provider vscode.git 258
2023-11-27 13:11:56.602 [warning] [Decorations] CAPPING events from decorations provider vscode.git 258
2023-11-27 13:12:01.792 [warning] [Decorations] CAPPING events from decorations provider vscode.git 258
2023-11-27 13:12:06.982 [warning] [Decorations] CAPPING events from decorations provider vscode.git 258
2023-11-27 13:12:12.176 [warning] [Decorations] CAPPING events from decorations provider vscode.git 258
2023-11-27 13:12:17.383 [warning] [Decorations] CAPPING events from decorations provider vscode.git 258
2023-11-27 13:12:22.587 [warning] [Decorations] CAPPING events from decorations provider vscode.git 258
2023-11-27 13:12:27.766 [warning] [Decorations] CAPPING events from decorations provider vscode.git 258
2023-11-27 13:12:32.970 [warning] [Decorations] CAPPING events from decorations provider vscode.git 258
2023-11-27 13:12:38.164 [warning] [Decorations] CAPPING events from decorations provider vscode.git 258
2023-11-27 13:12:43.262 [warning] [Decorations] CAPPING events from decorations provider vscode.git 258
2023-11-27 13:12:48.527 [warning] [Decorations] CAPPING events from decorations provider vscode.git 258
2023-11-27 13:12:53.775 [warning] [Decorations] CAPPING events from decorations provider vscode.git 258
2023-11-27 13:12:58.960 [warning] [Decorations] CAPPING events from decorations provider vscode.git 258
2023-11-27 13:13:04.206 [warning] [Decorations] CAPPING events from decorations provider vscode.git 258
2023-11-27 13:13:09.409 [warning] [Decorations] CAPPING events from decorations provider vscode.git 258
2023-11-27 13:13:14.624 [warning] [Decorations] CAPPING events from decorations provider vscode.git 258
2023-11-27 13:13:19.783 [warning] [Decorations] CAPPING events from decorations provider vscode.git 258
2023-11-27 13:13:24.983 [warning] [Decorations] CAPPING events from decorations provider vscode.git 258
2023-11-27 13:13:30.241 [warning] [Decorations] CAPPING events from decorations provider vscode.git 258
2023-11-27 13:13:35.384 [warning] [Decorations] CAPPING events from decorations provider vscode.git 258
2023-11-27 13:13:40.559 [warning] [Decorations] CAPPING events from decorations provider vscode.git 258
2023-11-27 13:13:45.767 [warning] [Decorations] CAPPING events from decorations provider vscode.git 258
2023-11-27 13:13:50.992 [warning] [Decorations] CAPPING events from decorations provider vscode.git 258
2023-11-27 13:13:56.235 [warning] [Decorations] CAPPING events from decorations provider vscode.git 258
2023-11-27 13:14:01.415 [warning] [Decorations] CAPPING events from decorations provider vscode.git 258
2023-11-27 13:14:06.655 [warning] [Decorations] CAPPING events from decorations provider vscode.git 258
2023-11-27 13:14:11.853 [warning] [Decorations] CAPPING events from decorations provider vscode.git 258
2023-11-27 13:14:17.019 [warning] [Decorations] CAPPING events from decorations provider vscode.git 258
2023-11-27 13:14:22.297 [warning] [Decorations] CAPPING events from decorations provider vscode.git 258
2023-11-27 13:14:27.559 [warning] [Decorations] CAPPING events from decorations provider vscode.git 258
2023-11-27 13:14:32.727 [warning] [Decorations] CAPPING events from decorations provider vscode.git 258
2023-11-27 13:14:37.885 [warning] [Decorations] CAPPING events from decorations provider vscode.git 258
2023-11-27 13:14:43.091 [warning] [Decorations] CAPPING events from decorations provider vscode.git 258
2023-11-27 13:14:48.302 [warning] [Decorations] CAPPING events from decorations provider vscode.git 258
2023-11-27 13:14:53.504 [warning] [Decorations] CAPPING events from decorations provider vscode.git 258
2023-11-27 13:14:58.726 [warning] [Decorations] CAPPING events from decorations provider vscode.git 258
2023-11-27 13:15:03.968 [warning] [Decorations] CAPPING events from decorations provider vscode.git 258
2023-11-27 13:15:09.187 [warning] [Decorations] CAPPING events from decorations provider vscode.git 258
2023-11-27 13:15:14.389 [warning] [Decorations] CAPPING events from decorations provider vscode.git 258
2023-11-27 13:15:19.582 [warning] [Decorations] CAPPING events from decorations provider vscode.git 258
2023-11-27 13:15:24.754 [warning] [Decorations] CAPPING events from decorations provider vscode.git 258
2023-11-27 13:15:29.960 [warning] [Decorations] CAPPING events from decorations provider vscode.git 258
2023-11-27 13:15:35.143 [warning] [Decorations] CAPPING events from decorations provider vscode.git 258
2023-11-27 13:15:40.302 [warning] [Decorations] CAPPING events from decorations provider vscode.git 258
2023-11-27 13:15:45.534 [warning] [Decorations] CAPPING events from decorations provider vscode.git 258
2023-11-27 13:15:50.726 [warning] [Decorations] CAPPING events from decorations provider vscode.git 258
2023-11-27 13:15:55.910 [warning] [Decorations] CAPPING events from decorations provider vscode.git 258
2023-11-27 13:16:01.194 [warning] [Decorations] CAPPING events from decorations provider vscode.git 258
2023-11-27 13:16:06.324 [warning] [Decorations] CAPPING events from decorations provider vscode.git 258
2023-11-27 13:16:11.556 [warning] [Decorations] CAPPING events from decorations provider vscode.git 258
2023-11-27 13:16:16.778 [warning] [Decorations] CAPPING events from decorations provider vscode.git 258
2023-11-27 13:16:21.947 [warning] [Decorations] CAPPING events from decorations provider vscode.git 258
2023-11-27 13:16:27.115 [warning] [Decorations] CAPPING events from decorations provider vscode.git 258
2023-11-27 13:16:32.298 [warning] [Decorations] CAPPING events from decorations provider vscode.git 258
2023-11-27 13:16:37.529 [warning] [Decorations] CAPPING events from decorations provider vscode.git 258
2023-11-27 13:16:42.705 [warning] [Decorations] CAPPING events from decorations provider vscode.git 258
2023-11-27 13:16:47.899 [warning] [Decorations] CAPPING events from decorations provider vscode.git 258
2023-11-27 13:16:53.108 [warning] [Decorations] CAPPING events from decorations provider vscode.git 258
2023-11-27 13:16:58.248 [warning] [Decorations] CAPPING events from decorations provider vscode.git 258
2023-11-27 13:17:03.403 [warning] [Decorations] CAPPING events from decorations provider vscode.git 258
2023-11-27 13:17:08.553 [warning] [Decorations] CAPPING events from decorations provider vscode.git 258
2023-11-27 13:17:13.744 [warning] [Decorations] CAPPING events from decorations provider vscode.git 258
2023-11-27 13:17:18.912 [warning] [Decorations] CAPPING events from decorations provider vscode.git 258
2023-11-27 13:17:24.141 [warning] [Decorations] CAPPING events from decorations provider vscode.git 258
2023-11-27 13:17:29.319 [warning] [Decorations] CAPPING events from decorations provider vscode.git 258
2023-11-27 13:17:34.556 [warning] [Decorations] CAPPING events from decorations provider vscode.git 258
2023-11-27 13:17:39.775 [warning] [Decorations] CAPPING events from decorations provider vscode.git 258
2023-11-27 13:17:44.972 [warning] [Decorations] CAPPING events from decorations provider vscode.git 258
2023-11-27 13:17:50.206 [warning] [Decorations] CAPPING events from decorations provider vscode.git 258
2023-11-27 13:17:55.359 [warning] [Decorations] CAPPING events from decorations provider vscode.git 258
2023-11-27 13:18:00.530 [warning] [Decorations] CAPPING events from decorations provider vscode.git 258
2023-11-27 13:18:05.715 [warning] [Decorations] CAPPING events from decorations provider vscode.git 258
2023-11-27 13:18:10.904 [warning] [Decorations] CAPPING events from decorations provider vscode.git 258
2023-11-27 13:18:16.104 [warning] [Decorations] CAPPING events from decorations provider vscode.git 258
2023-11-27 13:18:21.265 [warning] [Decorations] CAPPING events from decorations provider vscode.git 258
2023-11-27 13:18:26.418 [warning] [Decorations] CAPPING events from decorations provider vscode.git 258
2023-11-27 13:18:31.624 [warning] [Decorations] CAPPING events from decorations provider vscode.git 258
2023-11-27 13:18:36.781 [warning] [Decorations] CAPPING events from decorations provider vscode.git 258
2023-11-27 13:18:41.971 [warning] [Decorations] CAPPING events from decorations provider vscode.git 258
2023-11-27 13:18:47.196 [warning] [Decorations] CAPPING events from decorations provider vscode.git 258
2023-11-27 13:18:52.330 [warning] [Decorations] CAPPING events from decorations provider vscode.git 258
2023-11-27 13:18:57.533 [warning] [Decorations] CAPPING events from decorations provider vscode.git 258
2023-11-27 13:19:02.666 [warning] [Decorations] CAPPING events from decorations provider vscode.git 258
2023-11-27 13:19:07.743 [warning] [Decorations] CAPPING events from decorations provider vscode.git 258
2023-11-27 13:19:12.855 [warning] [Decorations] CAPPING events from decorations provider vscode.git 258
2023-11-27 13:19:17.946 [warning] [Decorations] CAPPING events from decorations provider vscode.git 258
2023-11-27 13:19:23.163 [warning] [Decorations] CAPPING events from decorations provider vscode.git 259
2023-11-27 13:19:28.365 [warning] [Decorations] CAPPING events from decorations provider vscode.git 259
2023-11-27 13:19:33.601 [warning] [Decorations] CAPPING events from decorations provider vscode.git 259
2023-11-27 13:19:38.801 [warning] [Decorations] CAPPING events from decorations provider vscode.git 259
2023-11-27 13:19:44.056 [warning] [Decorations] CAPPING events from decorations provider vscode.git 259
2023-11-27 13:19:49.248 [warning] [Decorations] CAPPING events from decorations provider vscode.git 259
2023-11-27 13:19:54.475 [warning] [Decorations] CAPPING events from decorations provider vscode.git 259
2023-11-27 13:19:59.660 [warning] [Decorations] CAPPING events from decorations provider vscode.git 260
2023-11-27 13:20:04.892 [warning] [Decorations] CAPPING events from decorations provider vscode.git 259
2023-11-27 13:20:10.077 [warning] [Decorations] CAPPING events from decorations provider vscode.git 259
2023-11-27 13:20:15.232 [warning] [Decorations] CAPPING events from decorations provider vscode.git 259
2023-11-27 13:20:20.417 [warning] [Decorations] CAPPING events from decorations provider vscode.git 259
2023-11-27 13:20:25.592 [warning] [Decorations] CAPPING events from decorations provider vscode.git 259
2023-11-27 13:20:30.779 [warning] [Decorations] CAPPING events from decorations provider vscode.git 260
2023-11-27 13:20:36.021 [warning] [Decorations] CAPPING events from decorations provider vscode.git 260
2023-11-27 13:20:41.230 [warning] [Decorations] CAPPING events from decorations provider vscode.git 260
2023-11-27 13:20:46.398 [warning] [Decorations] CAPPING events from decorations provider vscode.git 260
2023-11-27 13:20:51.633 [warning] [Decorations] CAPPING events from decorations provider vscode.git 260
2023-11-27 13:20:56.826 [warning] [Decorations] CAPPING events from decorations provider vscode.git 260
2023-11-27 13:21:01.992 [warning] [Decorations] CAPPING events from decorations provider vscode.git 260
2023-11-27 13:21:07.209 [warning] [Decorations] CAPPING events from decorations provider vscode.git 260
2023-11-27 13:21:12.374 [warning] [Decorations] CAPPING events from decorations provider vscode.git 260
2023-11-27 13:21:17.611 [warning] [Decorations] CAPPING events from decorations provider vscode.git 260
2023-11-27 13:21:22.837 [warning] [Decorations] CAPPING events from decorations provider vscode.git 260
2023-11-27 13:21:28.100 [warning] [Decorations] CAPPING events from decorations provider vscode.git 260
2023-11-27 13:21:33.323 [warning] [Decorations] CAPPING events from decorations provider vscode.git 260
2023-11-27 13:21:38.504 [warning] [Decorations] CAPPING events from decorations provider vscode.git 260
2023-11-27 13:21:43.701 [warning] [Decorations] CAPPING events from decorations provider vscode.git 260
2023-11-27 13:21:48.940 [warning] [Decorations] CAPPING events from decorations provider vscode.git 260
2023-11-27 13:21:54.121 [warning] [Decorations] CAPPING events from decorations provider vscode.git 260
2023-11-27 13:21:59.262 [warning] [Decorations] CAPPING events from decorations provider vscode.git 260
2023-11-27 13:22:04.450 [warning] [Decorations] CAPPING events from decorations provider vscode.git 260
2023-11-27 13:22:09.679 [warning] [Decorations] CAPPING events from decorations provider vscode.git 260
2023-11-27 13:22:14.884 [warning] [Decorations] CAPPING events from decorations provider vscode.git 260
2023-11-27 13:22:20.028 [warning] [Decorations] CAPPING events from decorations provider vscode.git 260
2023-11-27 13:22:25.141 [warning] [Decorations] CAPPING events from decorations provider vscode.git 260
2023-11-27 13:22:30.338 [warning] [Decorations] CAPPING events from decorations provider vscode.git 260
2023-11-27 13:22:35.426 [warning] [Decorations] CAPPING events from decorations provider vscode.git 260
2023-11-27 13:22:40.523 [warning] [Decorations] CAPPING events from decorations provider vscode.git 261
2023-11-27 13:26:52.122 [warning] [Decorations] CAPPING events from decorations provider vscode.git 260
2023-11-27 13:26:57.304 [warning] [Decorations] CAPPING events from decorations provider vscode.git 260
2023-11-27 13:27:02.399 [warning] [Decorations] CAPPING events from decorations provider vscode.git 260
2023-11-27 13:27:07.482 [warning] [Decorations] CAPPING events from decorations provider vscode.git 260
2023-11-27 13:27:12.591 [warning] [Decorations] CAPPING events from decorations provider vscode.git 260
2023-11-27 13:27:17.671 [warning] [Decorations] CAPPING events from decorations provider vscode.git 260
2023-11-27 13:27:22.858 [warning] [Decorations] CAPPING events from decorations provider vscode.git 260
2023-11-27 13:27:27.973 [warning] [Decorations] CAPPING events from decorations provider vscode.git 261
2023-11-27 13:27:33.053 [warning] [Decorations] CAPPING events from decorations provider vscode.git 261
2023-11-27 13:27:38.153 [warning] [Decorations] CAPPING events from decorations provider vscode.git 261
2023-11-27 13:27:43.258 [warning] [Decorations] CAPPING events from decorations provider vscode.git 261
2023-11-27 13:27:48.346 [warning] [Decorations] CAPPING events from decorations provider vscode.git 261
2023-11-27 13:27:53.517 [warning] [Decorations] CAPPING events from decorations provider vscode.git 261
2023-11-27 13:27:58.720 [warning] [Decorations] CAPPING events from decorations provider vscode.git 261
2023-11-27 13:28:03.830 [warning] [Decorations] CAPPING events from decorations provider vscode.git 261
2023-11-27 13:28:08.984 [warning] [Decorations] CAPPING events from decorations provider vscode.git 261
2023-11-27 13:28:14.077 [warning] [Decorations] CAPPING events from decorations provider vscode.git 261
2023-11-27 13:28:19.161 [warning] [Decorations] CAPPING events from decorations provider vscode.git 261
2023-11-27 13:28:24.398 [warning] [Decorations] CAPPING events from decorations provider vscode.git 261
2023-11-27 13:28:29.655 [warning] [Decorations] CAPPING events from decorations provider vscode.git 261
2023-11-27 13:28:34.767 [warning] [Decorations] CAPPING events from decorations provider vscode.git 261
2023-11-27 13:28:39.860 [warning] [Decorations] CAPPING events from decorations provider vscode.git 261
2023-11-27 13:28:45.063 [warning] [Decorations] CAPPING events from decorations provider vscode.git 261
2023-11-27 13:28:50.243 [warning] [Decorations] CAPPING events from decorations provider vscode.git 261
2023-11-27 13:28:55.334 [warning] [Decorations] CAPPING events from decorations provider vscode.git 261
2023-11-27 13:29:00.412 [warning] [Decorations] CAPPING events from decorations provider vscode.git 261
2023-11-27 13:29:05.492 [warning] [Decorations] CAPPING events from decorations provider vscode.git 261
2023-11-27 13:29:10.577 [warning] [Decorations] CAPPING events from decorations provider vscode.git 261
2023-11-27 13:29:15.662 [warning] [Decorations] CAPPING events from decorations provider vscode.git 261
2023-11-27 13:29:20.749 [warning] [Decorations] CAPPING events from decorations provider vscode.git 261
2023-11-27 13:29:26.030 [warning] [Decorations] CAPPING events from decorations provider vscode.git 261
2023-11-27 13:29:31.129 [warning] [Decorations] CAPPING events from decorations provider vscode.git 261
2023-11-27 13:29:36.286 [warning] [Decorations] CAPPING events from decorations provider vscode.git 261
2023-11-27 13:29:41.479 [warning] [Decorations] CAPPING events from decorations provider vscode.git 261
2023-11-27 13:29:46.674 [warning] [Decorations] CAPPING events from decorations provider vscode.git 261
2023-11-27 13:29:51.768 [warning] [Decorations] CAPPING events from decorations provider vscode.git 261
2023-11-27 13:29:56.937 [warning] [Decorations] CAPPING events from decorations provider vscode.git 261
2023-11-27 13:30:02.141 [warning] [Decorations] CAPPING events from decorations provider vscode.git 261
2023-11-27 13:30:07.231 [warning] [Decorations] CAPPING events from decorations provider vscode.git 261
2023-11-27 13:30:12.315 [warning] [Decorations] CAPPING events from decorations provider vscode.git 261
2023-11-27 13:30:17.390 [warning] [Decorations] CAPPING events from decorations provider vscode.git 261
2023-11-27 13:30:22.471 [warning] [Decorations] CAPPING events from decorations provider vscode.git 261
2023-11-27 13:30:27.569 [warning] [Decorations] CAPPING events from decorations provider vscode.git 261
2023-11-27 13:30:32.764 [warning] [Decorations] CAPPING events from decorations provider vscode.git 261
2023-11-27 13:30:37.844 [warning] [Decorations] CAPPING events from decorations provider vscode.git 261
2023-11-27 13:30:42.927 [warning] [Decorations] CAPPING events from decorations provider vscode.git 261
2023-11-27 13:30:48.025 [warning] [Decorations] CAPPING events from decorations provider vscode.git 261
2023-11-27 13:30:53.119 [warning] [Decorations] CAPPING events from decorations provider vscode.git 261
2023-11-27 13:30:58.306 [warning] [Decorations] CAPPING events from decorations provider vscode.git 261
2023-11-27 13:31:03.415 [warning] [Decorations] CAPPING events from decorations provider vscode.git 261
2023-11-27 13:31:08.520 [warning] [Decorations] CAPPING events from decorations provider vscode.git 261
2023-11-27 13:31:13.623 [warning] [Decorations] CAPPING events from decorations provider vscode.git 261
2023-11-27 13:31:18.887 [warning] [Decorations] CAPPING events from decorations provider vscode.git 261
2023-11-27 13:31:24.079 [warning] [Decorations] CAPPING events from decorations provider vscode.git 262
2023-11-27 13:31:29.158 [warning] [Decorations] CAPPING events from decorations provider vscode.git 261
2023-11-27 13:31:34.278 [warning] [Decorations] CAPPING events from decorations provider vscode.git 261
2023-11-27 13:31:46.483 [warning] [Decorations] CAPPING events from decorations provider vscode.git 261
2023-11-27 13:31:51.558 [warning] [Decorations] CAPPING events from decorations provider vscode.git 261
2023-11-27 13:31:56.696 [warning] [Decorations] CAPPING events from decorations provider vscode.git 261
2023-11-27 13:32:01.785 [warning] [Decorations] CAPPING events from decorations provider vscode.git 261
2023-11-27 13:32:17.575 [warning] [Decorations] CAPPING events from decorations provider vscode.git 261
2023-11-27 13:32:22.756 [warning] [Decorations] CAPPING events from decorations provider vscode.git 262
2023-11-27 13:33:26.924 [warning] [Decorations] CAPPING events from decorations provider vscode.git 262
2023-11-27 13:33:32.035 [warning] [Decorations] CAPPING events from decorations provider vscode.git 262
2023-11-27 13:50:45.464 [warning] [Decorations] CAPPING events from decorations provider vscode.git 263
2023-11-27 13:50:50.548 [warning] [Decorations] CAPPING events from decorations provider vscode.git 263
2023-11-27 13:50:55.650 [warning] [Decorations] CAPPING events from decorations provider vscode.git 263
2023-11-27 13:51:00.895 [warning] [Decorations] CAPPING events from decorations provider vscode.git 263
2023-11-27 13:51:06.003 [warning] [Decorations] CAPPING events from decorations provider vscode.git 264
2023-11-27 13:51:11.094 [warning] [Decorations] CAPPING events from decorations provider vscode.git 264
2023-11-27 13:51:16.266 [warning] [Decorations] CAPPING events from decorations provider vscode.git 264
2023-11-27 13:51:21.555 [warning] [Decorations] CAPPING events from decorations provider vscode.git 264
2023-11-27 13:51:26.694 [warning] [Decorations] CAPPING events from decorations provider vscode.git 264
2023-11-27 13:51:31.855 [warning] [Decorations] CAPPING events from decorations provider vscode.git 264
2023-11-27 13:51:36.932 [warning] [Decorations] CAPPING events from decorations provider vscode.git 264
2023-11-27 13:51:42.011 [warning] [Decorations] CAPPING events from decorations provider vscode.git 264
2023-11-27 13:51:47.107 [warning] [Decorations] CAPPING events from decorations provider vscode.git 264
2023-11-27 13:51:52.294 [warning] [Decorations] CAPPING events from decorations provider vscode.git 264
2023-11-27 13:51:57.419 [warning] [Decorations] CAPPING events from decorations provider vscode.git 265
2023-11-27 13:52:21.683 [warning] [Decorations] CAPPING events from decorations provider vscode.git 264
2023-11-27 13:52:26.923 [warning] [Decorations] CAPPING events from decorations provider vscode.git 264
2023-11-27 13:52:32.137 [warning] [Decorations] CAPPING events from decorations provider vscode.git 264
2023-11-27 13:52:37.345 [warning] [Decorations] CAPPING events from decorations provider vscode.git 265
2023-11-27 13:53:09.543 [warning] [Decorations] CAPPING events from decorations provider vscode.git 267
2023-11-27 13:53:14.629 [warning] [Decorations] CAPPING events from decorations provider vscode.git 266
2023-11-27 13:53:19.779 [warning] [Decorations] CAPPING events from decorations provider vscode.git 266
2023-11-27 13:53:24.869 [warning] [Decorations] CAPPING events from decorations provider vscode.git 267
2023-11-27 13:53:30.061 [warning] [Decorations] CAPPING events from decorations provider vscode.git 268
2023-11-27 13:54:49.188 [warning] [Decorations] CAPPING events from decorations provider vscode.git 268
2023-11-27 13:54:54.278 [warning] [Decorations] CAPPING events from decorations provider vscode.git 267
2023-11-27 13:54:59.361 [warning] [Decorations] CAPPING events from decorations provider vscode.git 267
2023-11-27 13:55:04.460 [warning] [Decorations] CAPPING events from decorations provider vscode.git 267
2023-11-27 13:55:09.565 [warning] [Decorations] CAPPING events from decorations provider vscode.git 267
2023-11-27 13:55:14.649 [warning] [Decorations] CAPPING events from decorations provider vscode.git 267
2023-11-27 13:55:19.855 [warning] [Decorations] CAPPING events from decorations provider vscode.git 267
2023-11-27 13:55:25.076 [warning] [Decorations] CAPPING events from decorations provider vscode.git 268
2023-11-27 13:56:19.543 [warning] [Decorations] CAPPING events from decorations provider vscode.git 269
2023-11-27 13:56:24.623 [warning] [Decorations] CAPPING events from decorations provider vscode.git 268
2023-11-27 13:56:29.839 [warning] [Decorations] CAPPING events from decorations provider vscode.git 268
2023-11-27 13:56:35.047 [warning] [Decorations] CAPPING events from decorations provider vscode.git 269
2023-11-27 13:56:40.230 [warning] [Decorations] CAPPING events from decorations provider vscode.git 269
2023-11-27 13:58:01.025 [warning] [Decorations] CAPPING events from decorations provider vscode.git 270
2023-11-27 13:58:06.309 [warning] [Decorations] CAPPING events from decorations provider vscode.git 269
2023-11-27 13:58:11.464 [warning] [Decorations] CAPPING events from decorations provider vscode.git 270
2023-11-27 13:59:17.441 [warning] [Decorations] CAPPING events from decorations provider vscode.git 270
2023-11-27 13:59:22.520 [warning] [Decorations] CAPPING events from decorations provider vscode.git 270
2023-11-27 13:59:27.627 [warning] [Decorations] CAPPING events from decorations provider vscode.git 270
2023-11-27 13:59:32.718 [warning] [Decorations] CAPPING events from decorations provider vscode.git 270
2023-11-27 13:59:37.955 [warning] [Decorations] CAPPING events from decorations provider vscode.git 271
2023-11-27 13:59:43.164 [warning] [Decorations] CAPPING events from decorations provider vscode.git 271
2023-11-27 13:59:48.398 [warning] [Decorations] CAPPING events from decorations provider vscode.git 271
2023-11-27 13:59:53.567 [warning] [Decorations] CAPPING events from decorations provider vscode.git 272
2023-11-27 14:01:05.572 [warning] [Decorations] CAPPING events from decorations provider vscode.git 271
2023-11-27 14:01:10.671 [warning] [Decorations] CAPPING events from decorations provider vscode.git 271
2023-11-27 14:01:15.755 [warning] [Decorations] CAPPING events from decorations provider vscode.git 271
2023-11-27 14:01:20.862 [warning] [Decorations] CAPPING events from decorations provider vscode.git 271
2023-11-27 14:01:25.965 [warning] [Decorations] CAPPING events from decorations provider vscode.git 271
2023-11-27 14:01:31.040 [warning] [Decorations] CAPPING events from decorations provider vscode.git 271
2023-11-27 14:01:36.118 [warning] [Decorations] CAPPING events from decorations provider vscode.git 271
2023-11-27 14:01:41.320 [warning] [Decorations] CAPPING events from decorations provider vscode.git 271
2023-11-27 14:01:46.540 [warning] [Decorations] CAPPING events from decorations provider vscode.git 272
2023-11-27 14:01:51.747 [warning] [Decorations] CAPPING events from decorations provider vscode.git 273
2023-11-27 14:01:56.847 [warning] [Decorations] CAPPING events from decorations provider vscode.git 272
2023-11-27 14:11:04.421 [warning] [Decorations] CAPPING events from decorations provider vscode.git 273
2023-11-27 14:11:09.508 [warning] [Decorations] CAPPING events from decorations provider vscode.git 273
2023-11-27 14:11:14.465 [info] Extension host terminating: renderer closed the MessagePort
2023-11-27 14:11:14.872 [error] Canceled: Canceled
	at new f (/usr/share/code/resources/app/out/vs/workbench/api/node/extensionHostProcess.js:125:108614)
	at n.U (/usr/share/code/resources/app/out/vs/workbench/api/node/extensionHostProcess.js:134:10873)
	at F.<computed>.z.charCodeAt.F.<computed> (/usr/share/code/resources/app/out/vs/workbench/api/node/extensionHostProcess.js:134:8315)
	at i.g (/usr/share/code/resources/app/out/vs/workbench/api/node/extensionHostProcess.js:125:139130)
	at i.executeCommand (/usr/share/code/resources/app/out/vs/workbench/api/node/extensionHostProcess.js:125:138568)
	at $.registerCommand.description (/usr/share/code/resources/app/out/vs/workbench/api/node/extensionHostProcess.js:125:137892)
	at i.h (/usr/share/code/resources/app/out/vs/workbench/api/node/extensionHostProcess.js:125:139669)
	at i.g (/usr/share/code/resources/app/out/vs/workbench/api/node/extensionHostProcess.js:125:138661)
	at i.executeCommand (/usr/share/code/resources/app/out/vs/workbench/api/node/extensionHostProcess.js:125:138568)
	at Object.executeCommand (/usr/share/code/resources/app/out/vs/workbench/api/node/extensionHostProcess.js:140:21329)
	at h.D [as value] (/usr/share/code/resources/app/extensions/git/dist/main.js:2:1316925)
	at c.y (/usr/share/code/resources/app/out/vs/workbench/api/node/extensionHostProcess.js:80:1902)
	at c.z (/usr/share/code/resources/app/out/vs/workbench/api/node/extensionHostProcess.js:80:1972)
	at c.fire (/usr/share/code/resources/app/out/vs/workbench/api/node/extensionHostProcess.js:80:2188)
	at Object.m [as dispose] (/usr/share/code/resources/app/extensions/git/dist/main.js:2:1332842)
	at /usr/share/code/resources/app/extensions/git/dist/main.js:2:1337795
	at Array.forEach (<anonymous>)
	at g.dispose (/usr/share/code/resources/app/extensions/git/dist/main.js:2:1337781)
	at v.<anonymous> (/usr/share/code/resources/app/out/vs/workbench/api/node/extensionHostProcess.js:121:3572)
	at v.dispose (/usr/share/code/resources/app/out/vs/workbench/api/node/extensionHostProcess.js:121:3669)
	at v.<anonymous> (/usr/share/code/resources/app/extensions/git/dist/main.js:2:1318937)
	at v.dispose (/usr/share/code/resources/app/out/vs/workbench/api/node/extensionHostProcess.js:121:3669)
	at o (/usr/share/code/resources/app/out/vs/workbench/api/node/extensionHostProcess.js:30:754)
	at h.cb (/usr/share/code/resources/app/out/vs/workbench/api/node/extensionHostProcess.js:136:9843)
	at /usr/share/code/resources/app/out/vs/workbench/api/node/extensionHostProcess.js:136:7793
	at Array.map (<anonymous>)
	at h.Y (/usr/share/code/resources/app/out/vs/workbench/api/node/extensionHostProcess.js:136:7781)
	at h.terminate (/usr/share/code/resources/app/out/vs/workbench/api/node/extensionHostProcess.js:136:8051)
	at o.terminate (/usr/share/code/resources/app/out/vs/workbench/api/node/extensionHostProcess.js:140:1513)
	at a (/usr/share/code/resources/app/out/vs/workbench/api/node/extensionHostProcess.js:153:9817)
	at MessagePortMain.<anonymous> (/usr/share/code/resources/app/out/vs/workbench/api/node/extensionHostProcess.js:153:6242)
	at MessagePortMain.emit (node:events:513:28)
	at MessagePortMain._internalPort.emit (node:electron/js2c/utility_init:2:367) setContext undefined
2023-11-27 14:11:14.880 [error] Canceled: Canceled
	at new f (/usr/share/code/resources/app/out/vs/workbench/api/node/extensionHostProcess.js:125:108614)
	at n.U (/usr/share/code/resources/app/out/vs/workbench/api/node/extensionHostProcess.js:134:10873)
	at F.<computed>.z.charCodeAt.F.<computed> (/usr/share/code/resources/app/out/vs/workbench/api/node/extensionHostProcess.js:134:8315)
	at i.g (/usr/share/code/resources/app/out/vs/workbench/api/node/extensionHostProcess.js:125:139130)
	at i.executeCommand (/usr/share/code/resources/app/out/vs/workbench/api/node/extensionHostProcess.js:125:138568)
	at $.registerCommand.description (/usr/share/code/resources/app/out/vs/workbench/api/node/extensionHostProcess.js:125:137892)
	at i.h (/usr/share/code/resources/app/out/vs/workbench/api/node/extensionHostProcess.js:125:139669)
	at i.g (/usr/share/code/resources/app/out/vs/workbench/api/node/extensionHostProcess.js:125:138661)
	at i.executeCommand (/usr/share/code/resources/app/out/vs/workbench/api/node/extensionHostProcess.js:125:138568)
	at Object.executeCommand (/usr/share/code/resources/app/out/vs/workbench/api/node/extensionHostProcess.js:140:21329)
	at set b [as b] (/usr/share/code/resources/app/extensions/github/dist/extension.js:2:714708)
	at /usr/share/code/resources/app/extensions/github/dist/extension.js:2:715349
	at h.value (/usr/share/code/resources/app/extensions/git/dist/main.js:2:1408111)
	at c.y (/usr/share/code/resources/app/out/vs/workbench/api/node/extensionHostProcess.js:80:1902)
	at c.z (/usr/share/code/resources/app/out/vs/workbench/api/node/extensionHostProcess.js:80:1972)
	at c.fire (/usr/share/code/resources/app/out/vs/workbench/api/node/extensionHostProcess.js:80:2188)
	at Object.m [as dispose] (/usr/share/code/resources/app/extensions/git/dist/main.js:2:1332842)
	at /usr/share/code/resources/app/extensions/git/dist/main.js:2:1337795
	at Array.forEach (<anonymous>)
	at g.dispose (/usr/share/code/resources/app/extensions/git/dist/main.js:2:1337781)
	at v.<anonymous> (/usr/share/code/resources/app/out/vs/workbench/api/node/extensionHostProcess.js:121:3572)
	at v.dispose (/usr/share/code/resources/app/out/vs/workbench/api/node/extensionHostProcess.js:121:3669)
	at v.<anonymous> (/usr/share/code/resources/app/extensions/git/dist/main.js:2:1318937)
	at v.dispose (/usr/share/code/resources/app/out/vs/workbench/api/node/extensionHostProcess.js:121:3669)
	at o (/usr/share/code/resources/app/out/vs/workbench/api/node/extensionHostProcess.js:30:754)
	at h.cb (/usr/share/code/resources/app/out/vs/workbench/api/node/extensionHostProcess.js:136:9843)
	at /usr/share/code/resources/app/out/vs/workbench/api/node/extensionHostProcess.js:136:7793
	at Array.map (<anonymous>)
	at h.Y (/usr/share/code/resources/app/out/vs/workbench/api/node/extensionHostProcess.js:136:7781)
	at h.terminate (/usr/share/code/resources/app/out/vs/workbench/api/node/extensionHostProcess.js:136:8051)
	at o.terminate (/usr/share/code/resources/app/out/vs/workbench/api/node/extensionHostProcess.js:140:1513)
	at a (/usr/share/code/resources/app/out/vs/workbench/api/node/extensionHostProcess.js:153:9817)
	at MessagePortMain.<anonymous> (/usr/share/code/resources/app/out/vs/workbench/api/node/extensionHostProcess.js:153:6242)
	at MessagePortMain.emit (node:events:513:28)
	at MessagePortMain._internalPort.emit (node:electron/js2c/utility_init:2:367) setContext undefined
2023-11-27 14:11:15.009 [info] Extension host with pid 3581 exiting with code 0
